#
# There is insufficient memory for the Java Runtime Environment to continue.
# Native memory allocation (malloc) failed to allocate 2261776 bytes for Chunk::new
# Possible reasons:
#   The system is out of physical RAM or swap space
#   The process is running with CompressedOops enabled, and the Java Heap may be blocking the growth of the native heap
# Possible solutions:
#   Reduce memory load on the system
#   Increase physical memory or swap space
#   Check if swap backing store is full
#   Decrease Java heap size (-Xmx/-Xms)
#   Decrease number of Java threads
#   Decrease Java thread stack sizes (-Xss)
#   Set larger code cache with -XX:ReservedCodeCacheSize=
#   JVM is running with Unscaled Compressed Oops mode in which the Java heap is
#     placed in the first 4GB address space. The Java Heap base address is the
#     maximum limit for the native heap growth. Please use -XX:HeapBaseMinAddress
#     to set the Java Heap base and to place the Java Heap above 4GB virtual address.
# This output file may be truncated or incomplete.
#
#  Out of Memory Error (./src/hotspot/share/memory/arena.cpp:197), pid=1096, tid=8884
#
# JRE version: OpenJDK Runtime Environment (11.0.11+9) (build 11.0.11+9-b60-7590822)
# Java VM: OpenJDK 64-Bit Server VM (11.0.11+9-b60-7590822, mixed mode, tiered, compressed oops, g1 gc, windows-amd64)
# No core dump will be written. Minidumps are not enabled by default on client versions of Windows
#

---------------  S U M M A R Y ------------

Command Line: --add-opens=java.base/java.util=ALL-UNNAMED --add-opens=java.base/java.lang=ALL-UNNAMED --add-opens=java.base/java.lang.invoke=ALL-UNNAMED --add-opens=java.base/java.util=ALL-UNNAMED --add-opens=java.prefs/java.util.prefs=ALL-UNNAMED --add-opens=java.prefs/java.util.prefs=ALL-UNNAMED --add-opens=java.base/java.nio.charset=ALL-UNNAMED --add-opens=java.base/java.net=ALL-UNNAMED --add-opens=java.base/java.util.concurrent.atomic=ALL-UNNAMED -Xmx2048m -Dfile.encoding=UTF-8 -Duser.country=RU -Duser.language=ru -Duser.variant org.gradle.launcher.daemon.bootstrap.GradleDaemon 7.2

Host: Intel(R) Core(TM) i3-2120 CPU @ 3.30GHz, 4 cores, 3G,  Windows 10 , 64 bit Build 19041 (10.0.19041.1645)
Time: Tue Apr 26 11:19:27 2022 RTZ 2 (зима) elapsed time: 131.491346 seconds (0d 0h 2m 11s)

---------------  T H R E A D  ---------------

Current thread (0x0000019cef23f000):  JavaThread "C2 CompilerThread1" daemon [_thread_in_native, id=8884, stack(0x0000004237a00000,0x0000004237b00000)]


Current CompileTask:
C2: 131491 17714 %     4       com.android.tools.r8.internal.TR0::a @ 153 (3200 bytes)

Stack: [0x0000004237a00000,0x0000004237b00000]
Native frames: (J=compiled Java code, j=interpreted, Vv=VM code, C=native code)
V  [jvm.dll+0x5f214a]
V  [jvm.dll+0x726fb5]
V  [jvm.dll+0x7285cd]
V  [jvm.dll+0x728c83]
V  [jvm.dll+0x243278]
V  [jvm.dll+0xbc53c]
V  [jvm.dll+0xbca3c]
V  [jvm.dll+0x353e7d]
V  [jvm.dll+0x321893]
V  [jvm.dll+0x320d8a]
V  [jvm.dll+0x1fc1e2]
V  [jvm.dll+0x1fb3d4]
V  [jvm.dll+0x183d6c]
V  [jvm.dll+0x209a57]
V  [jvm.dll+0x2082a1]
V  [jvm.dll+0x6ef58f]
V  [jvm.dll+0x6e80b5]
V  [jvm.dll+0x5f1036]
C  [ucrtbase.dll+0x21bb2]
C  [KERNEL32.DLL+0x17034]
C  [ntdll.dll+0x52651]


---------------  P R O C E S S  ---------------

Threads class SMR info:
_java_thread_list=0x0000019cedfe8840, length=87, elements={
0x0000019ccea2b000, 0x0000019ce8dab800, 0x0000019ce8dac800, 0x0000019ce8dc9800,
0x0000019ce8dca800, 0x0000019ce8dcc000, 0x0000019ce8dcd000, 0x0000019ce8e1e800,
0x0000019ce8e1f800, 0x0000019ce989b000, 0x0000019ceaa10000, 0x0000019cea9f3800,
0x0000019ceadef800, 0x0000019ceaeed000, 0x0000019cea4e0000, 0x0000019cea4e1000,
0x0000019cea79c800, 0x0000019ceae36800, 0x0000019ceb20d000, 0x0000019ceb209800,
0x0000019ceb207800, 0x0000019ceb20c000, 0x0000019ceb209000, 0x0000019ceb20e000,
0x0000019ceb208000, 0x0000019ceb20a800, 0x0000019ceb20b800, 0x0000019ced91b000,
0x0000019ced91d800, 0x0000019ced91c000, 0x0000019ced919800, 0x0000019ced91d000,
0x0000019ced918000, 0x0000019ced91e800, 0x0000019ced920000, 0x0000019ced922800,
0x0000019ced921000, 0x0000019ced925000, 0x0000019ced924000, 0x0000019ced923800,
0x0000019ced922000, 0x0000019ced91f800, 0x0000019ced926000, 0x0000019ced926800,
0x0000019cea7bc800, 0x0000019cea7bd800, 0x0000019cea7ba000, 0x0000019cea7c0800,
0x0000019cea7bb000, 0x0000019cea7bf800, 0x0000019cea7bb800, 0x0000019cea7c1800,
0x0000019cea7c2000, 0x0000019cea7c3000, 0x0000019cea7c4000, 0x0000019cea7be000,
0x0000019cea7c4800, 0x0000019cea7bf000, 0x0000019cea7c8800, 0x0000019cea7c5800,
0x0000019cea7c6000, 0x0000019cea7c7000, 0x0000019cea7c8000, 0x0000019ceba9c800,
0x0000019ceba9b800, 0x0000019ceba9b000, 0x0000019ceba97000, 0x0000019ceba9d800,
0x0000019ceba97800, 0x0000019ceba9e000, 0x0000019ceba98800, 0x0000019ceba9f000,
0x0000019ceba99000, 0x0000019cebaa0000, 0x0000019ceba9a000, 0x0000019cebaa0800,
0x0000019cebaa1800, 0x0000019cebaa3000, 0x0000019cebaa2000, 0x0000019cebaa4000,
0x0000019cebaa4800, 0x0000019ced44a800, 0x0000019ced446800, 0x0000019ced447800,
0x0000019ced445000, 0x0000019ced448000, 0x0000019cef23f000
}

Java Threads: ( => current thread )
  0x0000019ccea2b000 JavaThread "main" [_thread_blocked, id=12236, stack(0x0000004231a00000,0x0000004231b00000)]
  0x0000019ce8dab800 JavaThread "Reference Handler" daemon [_thread_blocked, id=11880, stack(0x0000004232100000,0x0000004232200000)]
  0x0000019ce8dac800 JavaThread "Finalizer" daemon [_thread_blocked, id=9340, stack(0x0000004232200000,0x0000004232300000)]
  0x0000019ce8dc9800 JavaThread "Signal Dispatcher" daemon [_thread_blocked, id=7452, stack(0x0000004232300000,0x0000004232400000)]
  0x0000019ce8dca800 JavaThread "Attach Listener" daemon [_thread_blocked, id=12708, stack(0x0000004232400000,0x0000004232500000)]
  0x0000019ce8dcc000 JavaThread "Service Thread" daemon [_thread_blocked, id=4440, stack(0x0000004232500000,0x0000004232600000)]
  0x0000019ce8dcd000 JavaThread "C2 CompilerThread0" daemon [_thread_in_native, id=8148, stack(0x0000004232600000,0x0000004232700000)]
  0x0000019ce8e1e800 JavaThread "C1 CompilerThread0" daemon [_thread_blocked, id=7636, stack(0x0000004232700000,0x0000004232800000)]
  0x0000019ce8e1f800 JavaThread "Sweeper thread" daemon [_thread_blocked, id=12320, stack(0x0000004232800000,0x0000004232900000)]
  0x0000019ce989b000 JavaThread "Common-Cleaner" daemon [_thread_blocked, id=2204, stack(0x0000004232900000,0x0000004232a00000)]
  0x0000019ceaa10000 JavaThread "Daemon health stats" [_thread_blocked, id=11328, stack(0x0000004232b00000,0x0000004232c00000)]
  0x0000019cea9f3800 JavaThread "Incoming local TCP Connector on port 54090" [_thread_in_native, id=4320, stack(0x0000004232d00000,0x0000004232e00000)]
  0x0000019ceadef800 JavaThread "Daemon periodic checks" [_thread_blocked, id=2928, stack(0x0000004232e00000,0x0000004232f00000)]
  0x0000019ceaeed000 JavaThread "Daemon" [_thread_blocked, id=8352, stack(0x0000004232f00000,0x0000004233000000)]
  0x0000019cea4e0000 JavaThread "Handler for socket connection from /127.0.0.1:54090 to /127.0.0.1:54092" [_thread_in_native, id=1944, stack(0x0000004233000000,0x0000004233100000)]
  0x0000019cea4e1000 JavaThread "Cancel handler" [_thread_blocked, id=224, stack(0x0000004233100000,0x0000004233200000)]
  0x0000019cea79c800 JavaThread "Daemon worker" [_thread_blocked, id=13020, stack(0x0000004233200000,0x0000004233300000)]
  0x0000019ceae36800 JavaThread "Asynchronous log dispatcher for DefaultDaemonConnection: socket connection from /127.0.0.1:54090 to /127.0.0.1:54092" [_thread_blocked, id=6496, stack(0x0000004233300000,0x0000004233400000)]
  0x0000019ceb20d000 JavaThread "Daemon client event forwarder" [_thread_blocked, id=5228, stack(0x0000004233500000,0x0000004233600000)]
  0x0000019ceb209800 JavaThread "Cache worker for journal cache (C:\Users\Comp\.gradle\caches\journal-1)" [_thread_blocked, id=4028, stack(0x0000004233800000,0x0000004233900000)]
  0x0000019ceb207800 JavaThread "File lock request listener" [_thread_in_native, id=2572, stack(0x0000004233900000,0x0000004233a00000)]
  0x0000019ceb20c000 JavaThread "Cache worker for file hash cache (C:\Users\Comp\.gradle\caches\7.2\fileHashes)" [_thread_blocked, id=7456, stack(0x0000004233a00000,0x0000004233b00000)]
  0x0000019ceb209000 JavaThread "Cache worker for file hash cache (C:\Users\Comp\AndroidStudioProjects\DrSasho\.gradle\7.2\fileHashes)" [_thread_blocked, id=8104, stack(0x0000004233c00000,0x0000004233d00000)]
  0x0000019ceb20e000 JavaThread "File watcher server" daemon [_thread_in_native, id=12764, stack(0x0000004233d00000,0x0000004233e00000)]
  0x0000019ceb208000 JavaThread "File watcher consumer" daemon [_thread_blocked, id=10244, stack(0x0000004233e00000,0x0000004233f00000)]
  0x0000019ceb20a800 JavaThread "Cache worker for checksums cache (C:\Users\Comp\AndroidStudioProjects\DrSasho\.gradle\checksums)" [_thread_blocked, id=12696, stack(0x0000004233f00000,0x0000004234000000)]
  0x0000019ceb20b800 JavaThread "Cache worker for cache directory md-supplier (C:\Users\Comp\.gradle\caches\7.2\md-supplier)" [_thread_blocked, id=8044, stack(0x0000004234000000,0x0000004234100000)]
  0x0000019ced91b000 JavaThread "Cache worker for cache directory md-rule (C:\Users\Comp\.gradle\caches\7.2\md-rule)" [_thread_blocked, id=4468, stack(0x0000004234100000,0x0000004234200000)]
  0x0000019ced91d800 JavaThread "Cache worker for execution history cache (C:\Users\Comp\.gradle\caches\7.2\executionHistory)" [_thread_blocked, id=8024, stack(0x0000004234200000,0x0000004234300000)]
  0x0000019ced91c000 JavaThread "jar transforms" [_thread_blocked, id=11216, stack(0x0000004234300000,0x0000004234400000)]
  0x0000019ced919800 JavaThread "Cache worker for file content cache (C:\Users\Comp\.gradle\caches\7.2\fileContent)" [_thread_blocked, id=2748, stack(0x0000004234400000,0x0000004234500000)]
  0x0000019ced91d000 JavaThread "jar transforms Thread 2" [_thread_blocked, id=4972, stack(0x0000004234500000,0x0000004234600000)]
  0x0000019ced918000 JavaThread "Cache worker for dependencies-accessors (C:\Users\Comp\AndroidStudioProjects\DrSasho\.gradle\7.2\dependencies-accessors)" [_thread_blocked, id=952, stack(0x0000004234600000,0x0000004234700000)]
  0x0000019ced91e800 JavaThread "jar transforms Thread 3" [_thread_blocked, id=10472, stack(0x0000004234700000,0x0000004234800000)]
  0x0000019ced920000 JavaThread "Cache worker for Build Output Cleanup Cache (C:\Users\Comp\AndroidStudioProjects\DrSasho\.gradle\buildOutputCleanup)" [_thread_blocked, id=1808, stack(0x0000004233b00000,0x0000004233c00000)]
  0x0000019ced922800 JavaThread "Unconstrained build operations" [_thread_blocked, id=4996, stack(0x0000004234800000,0x0000004234900000)]
  0x0000019ced921000 JavaThread "Unconstrained build operations Thread 2" [_thread_blocked, id=11144, stack(0x0000004234900000,0x0000004234a00000)]
  0x0000019ced925000 JavaThread "Unconstrained build operations Thread 3" [_thread_blocked, id=4324, stack(0x0000004234a00000,0x0000004234b00000)]
  0x0000019ced924000 JavaThread "Unconstrained build operations Thread 4" [_thread_blocked, id=13088, stack(0x0000004234b00000,0x0000004234c00000)]
  0x0000019ced923800 JavaThread "Unconstrained build operations Thread 5" [_thread_blocked, id=2496, stack(0x0000004234c00000,0x0000004234d00000)]
  0x0000019ced922000 JavaThread "Unconstrained build operations Thread 6" [_thread_blocked, id=6088, stack(0x0000004234d00000,0x0000004234e00000)]
  0x0000019ced91f800 JavaThread "Unconstrained build operations Thread 7" [_thread_blocked, id=8728, stack(0x0000004234e00000,0x0000004234f00000)]
  0x0000019ced926000 JavaThread "Unconstrained build operations Thread 8" [_thread_blocked, id=1108, stack(0x0000004234f00000,0x0000004235000000)]
  0x0000019ced926800 JavaThread "Unconstrained build operations Thread 9" [_thread_blocked, id=4960, stack(0x0000004235000000,0x0000004235100000)]
  0x0000019cea7bc800 JavaThread "Unconstrained build operations Thread 10" [_thread_blocked, id=3344, stack(0x0000004235100000,0x0000004235200000)]
  0x0000019cea7bd800 JavaThread "Unconstrained build operations Thread 11" [_thread_blocked, id=2556, stack(0x0000004235200000,0x0000004235300000)]
  0x0000019cea7ba000 JavaThread "Unconstrained build operations Thread 12" [_thread_blocked, id=3552, stack(0x0000004235300000,0x0000004235400000)]
  0x0000019cea7c0800 JavaThread "Unconstrained build operations Thread 13" [_thread_blocked, id=12580, stack(0x0000004235400000,0x0000004235500000)]
  0x0000019cea7bb000 JavaThread "Unconstrained build operations Thread 14" [_thread_blocked, id=8564, stack(0x0000004235500000,0x0000004235600000)]
  0x0000019cea7bf800 JavaThread "Unconstrained build operations Thread 15" [_thread_blocked, id=3132, stack(0x0000004235600000,0x0000004235700000)]
  0x0000019cea7bb800 JavaThread "Unconstrained build operations Thread 16" [_thread_blocked, id=6252, stack(0x0000004235700000,0x0000004235800000)]
  0x0000019cea7c1800 JavaThread "Unconstrained build operations Thread 17" [_thread_blocked, id=500, stack(0x0000004235800000,0x0000004235900000)]
  0x0000019cea7c2000 JavaThread "Unconstrained build operations Thread 18" [_thread_blocked, id=12316, stack(0x0000004235900000,0x0000004235a00000)]
  0x0000019cea7c3000 JavaThread "Unconstrained build operations Thread 19" [_thread_blocked, id=10592, stack(0x0000004235a00000,0x0000004235b00000)]
  0x0000019cea7c4000 JavaThread "Unconstrained build operations Thread 20" [_thread_blocked, id=12840, stack(0x0000004235b00000,0x0000004235c00000)]
  0x0000019cea7be000 JavaThread "Unconstrained build operations Thread 21" [_thread_blocked, id=4120, stack(0x0000004235c00000,0x0000004235d00000)]
  0x0000019cea7c4800 JavaThread "Unconstrained build operations Thread 22" [_thread_blocked, id=3292, stack(0x0000004235d00000,0x0000004235e00000)]
  0x0000019cea7bf000 JavaThread "Unconstrained build operations Thread 23" [_thread_blocked, id=11060, stack(0x0000004235e00000,0x0000004235f00000)]
  0x0000019cea7c8800 JavaThread "Unconstrained build operations Thread 24" [_thread_blocked, id=3272, stack(0x0000004235f00000,0x0000004236000000)]
  0x0000019cea7c5800 JavaThread "Unconstrained build operations Thread 25" [_thread_blocked, id=10696, stack(0x0000004236000000,0x0000004236100000)]
  0x0000019cea7c6000 JavaThread "Unconstrained build operations Thread 26" [_thread_blocked, id=836, stack(0x0000004236100000,0x0000004236200000)]
  0x0000019cea7c7000 JavaThread "Unconstrained build operations Thread 27" [_thread_blocked, id=9204, stack(0x0000004236200000,0x0000004236300000)]
  0x0000019cea7c8000 JavaThread "Unconstrained build operations Thread 28" [_thread_blocked, id=8204, stack(0x0000004236300000,0x0000004236400000)]
  0x0000019ceba9c800 JavaThread "Unconstrained build operations Thread 29" [_thread_blocked, id=10360, stack(0x0000004236400000,0x0000004236500000)]
  0x0000019ceba9b800 JavaThread "Unconstrained build operations Thread 30" [_thread_blocked, id=3252, stack(0x0000004236500000,0x0000004236600000)]
  0x0000019ceba9b000 JavaThread "Unconstrained build operations Thread 31" [_thread_blocked, id=12560, stack(0x0000004236600000,0x0000004236700000)]
  0x0000019ceba97000 JavaThread "Unconstrained build operations Thread 32" [_thread_blocked, id=4288, stack(0x0000004236700000,0x0000004236800000)]
  0x0000019ceba9d800 JavaThread "Unconstrained build operations Thread 33" [_thread_blocked, id=2168, stack(0x0000004236800000,0x0000004236900000)]
  0x0000019ceba97800 JavaThread "Unconstrained build operations Thread 34" [_thread_in_Java, id=10620, stack(0x0000004236900000,0x0000004236a00000)]
  0x0000019ceba9e000 JavaThread "Unconstrained build operations Thread 35" [_thread_blocked, id=2872, stack(0x0000004236a00000,0x0000004236b00000)]
  0x0000019ceba98800 JavaThread "Unconstrained build operations Thread 36" [_thread_blocked, id=5852, stack(0x0000004236b00000,0x0000004236c00000)]
  0x0000019ceba9f000 JavaThread "Unconstrained build operations Thread 37" [_thread_blocked, id=1664, stack(0x0000004236c00000,0x0000004236d00000)]
  0x0000019ceba99000 JavaThread "Unconstrained build operations Thread 38" [_thread_blocked, id=9996, stack(0x0000004236d00000,0x0000004236e00000)]
  0x0000019cebaa0000 JavaThread "Unconstrained build operations Thread 39" [_thread_blocked, id=12432, stack(0x0000004236e00000,0x0000004236f00000)]
  0x0000019ceba9a000 JavaThread "Unconstrained build operations Thread 40" [_thread_blocked, id=8300, stack(0x0000004236f00000,0x0000004237000000)]
  0x0000019cebaa0800 JavaThread "jar transforms Thread 4" [_thread_blocked, id=8056, stack(0x0000004237100000,0x0000004237200000)]
  0x0000019cebaa1800 JavaThread "Memory manager" [_thread_blocked, id=12536, stack(0x0000004237200000,0x0000004237300000)]
  0x0000019cebaa3000 JavaThread "build event listener" [_thread_blocked, id=6908, stack(0x0000004237500000,0x0000004237600000)]
  0x0000019cebaa2000 JavaThread "Execution worker for ':'" [_thread_blocked, id=9076, stack(0x0000004237600000,0x0000004237700000)]
  0x0000019cebaa4000 JavaThread "Execution worker for ':' Thread 2" [_thread_blocked, id=1044, stack(0x0000004237700000,0x0000004237800000)]
  0x0000019cebaa4800 JavaThread "Execution worker for ':' Thread 3" [_thread_blocked, id=7180, stack(0x0000004237800000,0x0000004237900000)]
  0x0000019ced44a800 JavaThread "Cache worker for execution history cache (C:\Users\Comp\AndroidStudioProjects\DrSasho\.gradle\7.2\executionHistory)" [_thread_blocked, id=1708, stack(0x0000004237900000,0x0000004237a00000)]
  0x0000019ced446800 JavaThread "WorkerExecutor Queue" [_thread_blocked, id=10008, stack(0x0000004237400000,0x0000004237500000)]
  0x0000019ced447800 JavaThread "WorkerExecutor Queue Thread 2" [_thread_blocked, id=708, stack(0x0000004231800000,0x0000004231900000)]
  0x0000019ced445000 JavaThread "WorkerExecutor Queue Thread 3" [_thread_blocked, id=9776, stack(0x0000004231900000,0x0000004231a00000)]
  0x0000019ced448000 JavaThread "WorkerExecutor Queue Thread 4" [_thread_blocked, id=2080, stack(0x0000004233400000,0x0000004233500000)]
=>0x0000019cef23f000 JavaThread "C2 CompilerThread1" daemon [_thread_in_native, id=8884, stack(0x0000004237a00000,0x0000004237b00000)]

Other Threads:
  0x0000019ce8da4000 VMThread "VM Thread" [stack: 0x0000004232000000,0x0000004232100000] [id=6612]
  0x0000019ce98d3800 WatcherThread [stack: 0x0000004232a00000,0x0000004232b00000] [id=4952]
  0x0000019ccea44000 GCTaskThread "GC Thread#0" [stack: 0x0000004231b00000,0x0000004231c00000] [id=6808]
  0x0000019ce9d52800 GCTaskThread "GC Thread#1" [stack: 0x0000004232c00000,0x0000004232d00000] [id=6212]
  0x0000019ce97af800 GCTaskThread "GC Thread#2" [stack: 0x0000004233600000,0x0000004233700000] [id=9444]
  0x0000019ceb805800 GCTaskThread "GC Thread#3" [stack: 0x0000004233700000,0x0000004233800000] [id=1472]
  0x0000019ccea73800 ConcurrentGCThread "G1 Main Marker" [stack: 0x0000004231c00000,0x0000004231d00000] [id=12996]
  0x0000019ccea75800 ConcurrentGCThread "G1 Conc#0" [stack: 0x0000004231d00000,0x0000004231e00000] [id=8208]
  0x0000019cceacd800 ConcurrentGCThread "G1 Refine#0" [stack: 0x0000004231e00000,0x0000004231f00000] [id=12272]
  0x0000019cceace800 ConcurrentGCThread "G1 Young RemSet Sampling" [stack: 0x0000004231f00000,0x0000004232000000] [id=6492]

Threads with active compile tasks:
C2 CompilerThread0 131698 17695       4       com.android.tools.r8.ir.regalloc.b::a (270 bytes)
C2 CompilerThread1 131698 17714 %     4       com.android.tools.r8.internal.TR0::a @ 153 (3200 bytes)

VM state:not at safepoint (normal execution)

VM Mutex/Monitor currently owned by a thread: None

Heap address: 0x0000000080000000, size: 2048 MB, Compressed Oops mode: 32-bit
Narrow klass base: 0x0000000000000000, Narrow klass shift: 3
Compressed class space size: 1073741824 Address: 0x0000000100000000

Heap:
 garbage-first heap   total 252928K, used 112636K [0x0000000080000000, 0x0000000100000000)
  region size 1024K, 17 young (17408K), 2 survivors (2048K)
 Metaspace       used 112600K, capacity 115225K, committed 116348K, reserved 1150976K
  class space    used 14191K, capacity 15239K, committed 15616K, reserved 1048576K
Heap Regions: E=young(eden), S=young(survivor), O=old, HS=humongous(starts), HC=humongous(continues), CS=collection set, F=free, A=archive, TAMS=top-at-mark-start (previous, next)
|   0|0x0000000080000000, 0x0000000080100000, 0x0000000080100000|100%| O|  |TAMS 0x0000000080100000, 0x0000000080000000| Untracked 
|   1|0x0000000080100000, 0x0000000080200000, 0x0000000080200000|100%| O|  |TAMS 0x0000000080200000, 0x0000000080100000| Untracked 
|   2|0x0000000080200000, 0x0000000080300000, 0x0000000080300000|100%| O|  |TAMS 0x0000000080300000, 0x0000000080200000| Untracked 
|   3|0x0000000080300000, 0x0000000080400000, 0x0000000080400000|100%|HS|  |TAMS 0x0000000080400000, 0x0000000080300000| Complete 
|   4|0x0000000080400000, 0x0000000080500000, 0x0000000080500000|100%|HC|  |TAMS 0x0000000080500000, 0x0000000080400000| Complete 
|   5|0x0000000080500000, 0x0000000080600000, 0x0000000080600000|100%|HC|  |TAMS 0x0000000080600000, 0x0000000080500000| Complete 
|   6|0x0000000080600000, 0x0000000080700000, 0x0000000080700000|100%| O|  |TAMS 0x0000000080700000, 0x0000000080600000| Untracked 
|   7|0x0000000080700000, 0x0000000080800000, 0x0000000080800000|100%| O|  |TAMS 0x0000000080800000, 0x0000000080700000| Untracked 
|   8|0x0000000080800000, 0x0000000080900000, 0x0000000080900000|100%| O|  |TAMS 0x0000000080900000, 0x0000000080800000| Untracked 
|   9|0x0000000080900000, 0x0000000080a00000, 0x0000000080a00000|100%| O|  |TAMS 0x0000000080a00000, 0x0000000080900000| Untracked 
|  10|0x0000000080a00000, 0x0000000080b00000, 0x0000000080b00000|100%| O|  |TAMS 0x0000000080b00000, 0x0000000080a00000| Untracked 
|  11|0x0000000080b00000, 0x0000000080c00000, 0x0000000080c00000|100%| O|  |TAMS 0x0000000080c00000, 0x0000000080b00000| Untracked 
|  12|0x0000000080c00000, 0x0000000080d00000, 0x0000000080d00000|100%| O|  |TAMS 0x0000000080d00000, 0x0000000080c00000| Untracked 
|  13|0x0000000080d00000, 0x0000000080e00000, 0x0000000080e00000|100%| O|  |TAMS 0x0000000080e00000, 0x0000000080d00000| Untracked 
|  14|0x0000000080e00000, 0x0000000080f00000, 0x0000000080f00000|100%| O|  |TAMS 0x0000000080f00000, 0x0000000080e00000| Untracked 
|  15|0x0000000080f00000, 0x0000000081000000, 0x0000000081000000|100%| O|  |TAMS 0x0000000081000000, 0x0000000080f00000| Untracked 
|  16|0x0000000081000000, 0x0000000081100000, 0x0000000081100000|100%| O|  |TAMS 0x0000000081100000, 0x0000000081000000| Untracked 
|  17|0x0000000081100000, 0x0000000081200000, 0x0000000081200000|100%| O|  |TAMS 0x0000000081200000, 0x0000000081100000| Untracked 
|  18|0x0000000081200000, 0x0000000081300000, 0x0000000081300000|100%| O|  |TAMS 0x0000000081300000, 0x0000000081200000| Untracked 
|  19|0x0000000081300000, 0x0000000081400000, 0x0000000081400000|100%| O|  |TAMS 0x0000000081400000, 0x0000000081300000| Untracked 
|  20|0x0000000081400000, 0x0000000081500000, 0x0000000081500000|100%| O|  |TAMS 0x0000000081500000, 0x0000000081400000| Untracked 
|  21|0x0000000081500000, 0x0000000081600000, 0x0000000081600000|100%| O|  |TAMS 0x0000000081600000, 0x0000000081500000| Untracked 
|  22|0x0000000081600000, 0x0000000081700000, 0x0000000081700000|100%| O|  |TAMS 0x0000000081700000, 0x0000000081600000| Untracked 
|  23|0x0000000081700000, 0x0000000081800000, 0x0000000081800000|100%| O|  |TAMS 0x0000000081800000, 0x0000000081700000| Untracked 
|  24|0x0000000081800000, 0x0000000081900000, 0x0000000081900000|100%| O|  |TAMS 0x0000000081900000, 0x0000000081800000| Untracked 
|  25|0x0000000081900000, 0x0000000081a00000, 0x0000000081a00000|100%| O|  |TAMS 0x0000000081a00000, 0x0000000081900000| Untracked 
|  26|0x0000000081a00000, 0x0000000081b00000, 0x0000000081b00000|100%| O|  |TAMS 0x0000000081b00000, 0x0000000081a00000| Untracked 
|  27|0x0000000081b00000, 0x0000000081c00000, 0x0000000081c00000|100%| O|  |TAMS 0x0000000081c00000, 0x0000000081b00000| Untracked 
|  28|0x0000000081c00000, 0x0000000081d00000, 0x0000000081d00000|100%|HS|  |TAMS 0x0000000081d00000, 0x0000000081c00000| Complete 
|  29|0x0000000081d00000, 0x0000000081e00000, 0x0000000081e00000|100%|HS|  |TAMS 0x0000000081e00000, 0x0000000081d00000| Complete 
|  30|0x0000000081e00000, 0x0000000081f00000, 0x0000000081f00000|100%|HS|  |TAMS 0x0000000081f00000, 0x0000000081e00000| Complete 
|  31|0x0000000081f00000, 0x0000000082000000, 0x0000000082000000|100%|HS|  |TAMS 0x0000000082000000, 0x0000000081f00000| Complete 
|  32|0x0000000082000000, 0x0000000082100000, 0x0000000082100000|100%| O|  |TAMS 0x0000000082100000, 0x0000000082000000| Untracked 
|  33|0x0000000082100000, 0x0000000082200000, 0x0000000082200000|100%| O|  |TAMS 0x0000000082200000, 0x0000000082100000| Untracked 
|  34|0x0000000082200000, 0x0000000082300000, 0x0000000082300000|100%| O|  |TAMS 0x0000000082300000, 0x0000000082200000| Untracked 
|  35|0x0000000082300000, 0x0000000082400000, 0x0000000082400000|100%| O|  |TAMS 0x0000000082400000, 0x0000000082300000| Untracked 
|  36|0x0000000082400000, 0x0000000082500000, 0x0000000082500000|100%|HS|  |TAMS 0x0000000082500000, 0x0000000082400000| Complete 
|  37|0x0000000082500000, 0x0000000082600000, 0x0000000082600000|100%|HC|  |TAMS 0x0000000082600000, 0x0000000082500000| Complete 
|  38|0x0000000082600000, 0x0000000082700000, 0x0000000082700000|100%|HC|  |TAMS 0x0000000082700000, 0x0000000082600000| Complete 
|  39|0x0000000082700000, 0x0000000082800000, 0x0000000082800000|100%| O|  |TAMS 0x0000000082800000, 0x0000000082700000| Untracked 
|  40|0x0000000082800000, 0x0000000082900000, 0x0000000082900000|100%| O|  |TAMS 0x0000000082900000, 0x0000000082800000| Untracked 
|  41|0x0000000082900000, 0x0000000082a00000, 0x0000000082a00000|100%| O|  |TAMS 0x0000000082a00000, 0x0000000082900000| Untracked 
|  42|0x0000000082a00000, 0x0000000082b00000, 0x0000000082b00000|100%|HS|  |TAMS 0x0000000082b00000, 0x0000000082a00000| Complete 
|  43|0x0000000082b00000, 0x0000000082c00000, 0x0000000082c00000|100%|HC|  |TAMS 0x0000000082c00000, 0x0000000082b00000| Complete 
|  44|0x0000000082c00000, 0x0000000082d00000, 0x0000000082d00000|100%| O|  |TAMS 0x0000000082d00000, 0x0000000082c00000| Untracked 
|  45|0x0000000082d00000, 0x0000000082e00000, 0x0000000082e00000|100%| O|  |TAMS 0x0000000082e00000, 0x0000000082d00000| Untracked 
|  46|0x0000000082e00000, 0x0000000082f00000, 0x0000000082f00000|100%| O|  |TAMS 0x0000000082f00000, 0x0000000082e00000| Untracked 
|  47|0x0000000082f00000, 0x0000000083000000, 0x0000000083000000|100%| O|  |TAMS 0x0000000083000000, 0x0000000082f00000| Untracked 
|  48|0x0000000083000000, 0x0000000083100000, 0x0000000083100000|100%| O|  |TAMS 0x0000000083100000, 0x0000000083000000| Untracked 
|  49|0x0000000083100000, 0x0000000083200000, 0x0000000083200000|100%| O|  |TAMS 0x0000000083200000, 0x0000000083100000| Untracked 
|  50|0x0000000083200000, 0x0000000083300000, 0x0000000083300000|100%| O|  |TAMS 0x0000000083300000, 0x0000000083200000| Untracked 
|  51|0x0000000083300000, 0x0000000083400000, 0x0000000083400000|100%| O|  |TAMS 0x0000000083400000, 0x0000000083300000| Untracked 
|  52|0x0000000083400000, 0x0000000083500000, 0x0000000083500000|100%| O|  |TAMS 0x0000000083500000, 0x0000000083400000| Untracked 
|  53|0x0000000083500000, 0x0000000083600000, 0x0000000083600000|100%| O|  |TAMS 0x0000000083600000, 0x0000000083500000| Untracked 
|  54|0x0000000083600000, 0x0000000083700000, 0x0000000083700000|100%| O|  |TAMS 0x0000000083700000, 0x0000000083600000| Untracked 
|  55|0x0000000083700000, 0x0000000083800000, 0x0000000083800000|100%| O|  |TAMS 0x0000000083800000, 0x0000000083700000| Untracked 
|  56|0x0000000083800000, 0x0000000083900000, 0x0000000083900000|100%| O|  |TAMS 0x0000000083900000, 0x0000000083800000| Untracked 
|  57|0x0000000083900000, 0x0000000083a00000, 0x0000000083a00000|100%| O|  |TAMS 0x0000000083a00000, 0x0000000083900000| Untracked 
|  58|0x0000000083a00000, 0x0000000083b00000, 0x0000000083b00000|100%| O|  |TAMS 0x0000000083b00000, 0x0000000083a00000| Untracked 
|  59|0x0000000083b00000, 0x0000000083c00000, 0x0000000083c00000|100%| O|  |TAMS 0x0000000083c00000, 0x0000000083b00000| Untracked 
|  60|0x0000000083c00000, 0x0000000083d00000, 0x0000000083d00000|100%| O|  |TAMS 0x0000000083d00000, 0x0000000083c00000| Untracked 
|  61|0x0000000083d00000, 0x0000000083e00000, 0x0000000083e00000|100%| O|  |TAMS 0x0000000083e00000, 0x0000000083d00000| Untracked 
|  62|0x0000000083e00000, 0x0000000083f00000, 0x0000000083f00000|100%| O|  |TAMS 0x0000000083f00000, 0x0000000083e00000| Untracked 
|  63|0x0000000083f00000, 0x0000000084000000, 0x0000000084000000|100%| O|  |TAMS 0x0000000084000000, 0x0000000083f00000| Untracked 
|  64|0x0000000084000000, 0x0000000084100000, 0x0000000084100000|100%| O|  |TAMS 0x0000000084100000, 0x0000000084000000| Untracked 
|  65|0x0000000084100000, 0x0000000084200000, 0x0000000084200000|100%| O|  |TAMS 0x0000000084200000, 0x0000000084100000| Untracked 
|  66|0x0000000084200000, 0x0000000084300000, 0x0000000084300000|100%| O|  |TAMS 0x0000000084300000, 0x0000000084200000| Untracked 
|  67|0x0000000084300000, 0x0000000084400000, 0x0000000084400000|100%| O|  |TAMS 0x0000000084400000, 0x0000000084300000| Untracked 
|  68|0x0000000084400000, 0x0000000084500000, 0x0000000084500000|100%| O|  |TAMS 0x0000000084500000, 0x0000000084400000| Untracked 
|  69|0x0000000084500000, 0x0000000084600000, 0x0000000084600000|100%| O|  |TAMS 0x0000000084600000, 0x0000000084500000| Untracked 
|  70|0x0000000084600000, 0x0000000084700000, 0x0000000084700000|100%| O|  |TAMS 0x0000000084700000, 0x0000000084600000| Untracked 
|  71|0x0000000084700000, 0x0000000084800000, 0x0000000084800000|100%| O|  |TAMS 0x0000000084800000, 0x0000000084700000| Untracked 
|  72|0x0000000084800000, 0x0000000084900000, 0x0000000084900000|100%| O|  |TAMS 0x0000000084900000, 0x0000000084800000| Untracked 
|  73|0x0000000084900000, 0x0000000084a00000, 0x0000000084a00000|100%| O|  |TAMS 0x0000000084a00000, 0x0000000084900000| Untracked 
|  74|0x0000000084a00000, 0x0000000084b00000, 0x0000000084b00000|100%| O|  |TAMS 0x0000000084b00000, 0x0000000084a00000| Untracked 
|  75|0x0000000084b00000, 0x0000000084c00000, 0x0000000084c00000|100%| O|  |TAMS 0x0000000084c00000, 0x0000000084b00000| Untracked 
|  76|0x0000000084c00000, 0x0000000084d00000, 0x0000000084d00000|100%| O|  |TAMS 0x0000000084d00000, 0x0000000084c00000| Untracked 
|  77|0x0000000084d00000, 0x0000000084e00000, 0x0000000084e00000|100%| O|  |TAMS 0x0000000084e00000, 0x0000000084d00000| Untracked 
|  78|0x0000000084e00000, 0x0000000084f00000, 0x0000000084f00000|100%| O|  |TAMS 0x0000000084f00000, 0x0000000084e00000| Untracked 
|  79|0x0000000084f00000, 0x0000000085000000, 0x0000000085000000|100%| O|  |TAMS 0x0000000085000000, 0x0000000084f00000| Untracked 
|  80|0x0000000085000000, 0x0000000085100000, 0x0000000085100000|100%| O|  |TAMS 0x0000000085100000, 0x0000000085000000| Untracked 
|  81|0x0000000085100000, 0x0000000085200000, 0x0000000085200000|100%| O|  |TAMS 0x0000000085200000, 0x0000000085100000| Untracked 
|  82|0x0000000085200000, 0x0000000085300000, 0x0000000085300000|100%| O|  |TAMS 0x0000000085300000, 0x0000000085200000| Untracked 
|  83|0x0000000085300000, 0x0000000085400000, 0x0000000085400000|100%| O|  |TAMS 0x0000000085400000, 0x0000000085300000| Untracked 
|  84|0x0000000085400000, 0x0000000085500000, 0x0000000085500000|100%| O|  |TAMS 0x0000000085500000, 0x0000000085400000| Untracked 
|  85|0x0000000085500000, 0x0000000085600000, 0x0000000085600000|100%| O|  |TAMS 0x0000000085600000, 0x0000000085500000| Untracked 
|  86|0x0000000085600000, 0x0000000085700000, 0x0000000085700000|100%| O|  |TAMS 0x0000000085700000, 0x0000000085600000| Untracked 
|  87|0x0000000085700000, 0x0000000085800000, 0x0000000085800000|100%| O|  |TAMS 0x0000000085800000, 0x0000000085700000| Untracked 
|  88|0x0000000085800000, 0x0000000085900000, 0x0000000085900000|100%| O|  |TAMS 0x0000000085900000, 0x0000000085800000| Untracked 
|  89|0x0000000085900000, 0x0000000085a00000, 0x0000000085a00000|100%| O|  |TAMS 0x0000000085a00000, 0x0000000085900000| Untracked 
|  90|0x0000000085a00000, 0x0000000085b00000, 0x0000000085b00000|100%| O|  |TAMS 0x0000000085b00000, 0x0000000085a00000| Untracked 
|  91|0x0000000085b00000, 0x0000000085c00000, 0x0000000085c00000|100%| O|  |TAMS 0x0000000085c00000, 0x0000000085b00000| Untracked 
|  92|0x0000000085c00000, 0x0000000085c8e000, 0x0000000085d00000| 55%| O|  |TAMS 0x0000000085c8e000, 0x0000000085c00000| Untracked 
|  93|0x0000000085d00000, 0x0000000085d00000, 0x0000000085e00000|  0%| F|  |TAMS 0x0000000085d00000, 0x0000000085d00000| Untracked 
|  94|0x0000000085e00000, 0x0000000085e00000, 0x0000000085f00000|  0%| F|  |TAMS 0x0000000085e00000, 0x0000000085e00000| Untracked 
|  95|0x0000000085f00000, 0x0000000085f00000, 0x0000000086000000|  0%| F|  |TAMS 0x0000000085f00000, 0x0000000085f00000| Untracked 
|  96|0x0000000086000000, 0x0000000086000000, 0x0000000086100000|  0%| F|  |TAMS 0x0000000086000000, 0x0000000086000000| Untracked 
|  97|0x0000000086100000, 0x0000000086100000, 0x0000000086200000|  0%| F|  |TAMS 0x0000000086100000, 0x0000000086100000| Untracked 
|  98|0x0000000086200000, 0x0000000086200000, 0x0000000086300000|  0%| F|  |TAMS 0x0000000086200000, 0x0000000086200000| Untracked 
|  99|0x0000000086300000, 0x0000000086300000, 0x0000000086400000|  0%| F|  |TAMS 0x0000000086300000, 0x0000000086300000| Untracked 
| 100|0x0000000086400000, 0x0000000086400000, 0x0000000086500000|  0%| F|  |TAMS 0x0000000086400000, 0x0000000086400000| Untracked 
| 101|0x0000000086500000, 0x0000000086500000, 0x0000000086600000|  0%| F|  |TAMS 0x0000000086500000, 0x0000000086500000| Untracked 
| 102|0x0000000086600000, 0x0000000086600000, 0x0000000086700000|  0%| F|  |TAMS 0x0000000086600000, 0x0000000086600000| Untracked 
| 103|0x0000000086700000, 0x0000000086700000, 0x0000000086800000|  0%| F|  |TAMS 0x0000000086700000, 0x0000000086700000| Untracked 
| 104|0x0000000086800000, 0x0000000086800000, 0x0000000086900000|  0%| F|  |TAMS 0x0000000086800000, 0x0000000086800000| Untracked 
| 105|0x0000000086900000, 0x0000000086a00000, 0x0000000086a00000|100%| O|  |TAMS 0x0000000086a00000, 0x0000000086900000| Untracked 
| 106|0x0000000086a00000, 0x0000000086a00000, 0x0000000086b00000|  0%| F|  |TAMS 0x0000000086a00000, 0x0000000086a00000| Untracked 
| 107|0x0000000086b00000, 0x0000000086b00000, 0x0000000086c00000|  0%| F|  |TAMS 0x0000000086b00000, 0x0000000086b00000| Untracked 
| 108|0x0000000086c00000, 0x0000000086c00000, 0x0000000086d00000|  0%| F|  |TAMS 0x0000000086c00000, 0x0000000086c00000| Untracked 
| 109|0x0000000086d00000, 0x0000000086d00000, 0x0000000086e00000|  0%| F|  |TAMS 0x0000000086d00000, 0x0000000086d00000| Untracked 
| 110|0x0000000086e00000, 0x0000000086e00000, 0x0000000086f00000|  0%| F|  |TAMS 0x0000000086e00000, 0x0000000086e00000| Untracked 
| 111|0x0000000086f00000, 0x0000000086f00000, 0x0000000087000000|  0%| F|  |TAMS 0x0000000086f00000, 0x0000000086f00000| Untracked 
| 112|0x0000000087000000, 0x0000000087000000, 0x0000000087100000|  0%| F|  |TAMS 0x0000000087000000, 0x0000000087000000| Untracked 
| 113|0x0000000087100000, 0x0000000087100000, 0x0000000087200000|  0%| F|  |TAMS 0x0000000087100000, 0x0000000087100000| Untracked 
| 114|0x0000000087200000, 0x0000000087200000, 0x0000000087300000|  0%| F|  |TAMS 0x0000000087200000, 0x0000000087200000| Untracked 
| 115|0x0000000087300000, 0x0000000087300000, 0x0000000087400000|  0%| F|  |TAMS 0x0000000087300000, 0x0000000087300000| Untracked 
| 116|0x0000000087400000, 0x0000000087400000, 0x0000000087500000|  0%| F|  |TAMS 0x0000000087400000, 0x0000000087400000| Untracked 
| 117|0x0000000087500000, 0x0000000087500000, 0x0000000087600000|  0%| F|  |TAMS 0x0000000087500000, 0x0000000087500000| Untracked 
| 118|0x0000000087600000, 0x0000000087600000, 0x0000000087700000|  0%| F|  |TAMS 0x0000000087600000, 0x0000000087600000| Untracked 
| 119|0x0000000087700000, 0x0000000087700000, 0x0000000087800000|  0%| F|  |TAMS 0x0000000087700000, 0x0000000087700000| Untracked 
| 120|0x0000000087800000, 0x0000000087800000, 0x0000000087900000|  0%| F|  |TAMS 0x0000000087800000, 0x0000000087800000| Untracked 
| 121|0x0000000087900000, 0x0000000087900000, 0x0000000087a00000|  0%| F|  |TAMS 0x0000000087900000, 0x0000000087900000| Untracked 
| 122|0x0000000087a00000, 0x0000000087a00000, 0x0000000087b00000|  0%| F|  |TAMS 0x0000000087a00000, 0x0000000087a00000| Untracked 
| 123|0x0000000087b00000, 0x0000000087b00000, 0x0000000087c00000|  0%| F|  |TAMS 0x0000000087b00000, 0x0000000087b00000| Untracked 
| 124|0x0000000087c00000, 0x0000000087c00000, 0x0000000087d00000|  0%| F|  |TAMS 0x0000000087c00000, 0x0000000087c00000| Untracked 
| 125|0x0000000087d00000, 0x0000000087d00000, 0x0000000087e00000|  0%| F|  |TAMS 0x0000000087d00000, 0x0000000087d00000| Untracked 
| 126|0x0000000087e00000, 0x0000000087e00000, 0x0000000087f00000|  0%| F|  |TAMS 0x0000000087e00000, 0x0000000087e00000| Untracked 
| 127|0x0000000087f00000, 0x0000000087f00000, 0x0000000088000000|  0%| F|  |TAMS 0x0000000087f00000, 0x0000000087f00000| Untracked 
| 128|0x0000000088000000, 0x0000000088000000, 0x0000000088100000|  0%| F|  |TAMS 0x0000000088000000, 0x0000000088000000| Untracked 
| 129|0x0000000088100000, 0x0000000088100000, 0x0000000088200000|  0%| F|  |TAMS 0x0000000088100000, 0x0000000088100000| Untracked 
| 130|0x0000000088200000, 0x0000000088200000, 0x0000000088300000|  0%| F|  |TAMS 0x0000000088200000, 0x0000000088200000| Untracked 
| 131|0x0000000088300000, 0x0000000088300000, 0x0000000088400000|  0%| F|  |TAMS 0x0000000088300000, 0x0000000088300000| Untracked 
| 132|0x0000000088400000, 0x0000000088400000, 0x0000000088500000|  0%| F|  |TAMS 0x0000000088400000, 0x0000000088400000| Untracked 
| 133|0x0000000088500000, 0x0000000088500000, 0x0000000088600000|  0%| F|  |TAMS 0x0000000088500000, 0x0000000088500000| Untracked 
| 134|0x0000000088600000, 0x0000000088600000, 0x0000000088700000|  0%| F|  |TAMS 0x0000000088600000, 0x0000000088600000| Untracked 
| 135|0x0000000088700000, 0x0000000088700000, 0x0000000088800000|  0%| F|  |TAMS 0x0000000088700000, 0x0000000088700000| Untracked 
| 136|0x0000000088800000, 0x0000000088800000, 0x0000000088900000|  0%| F|  |TAMS 0x0000000088800000, 0x0000000088800000| Untracked 
| 137|0x0000000088900000, 0x0000000088900000, 0x0000000088a00000|  0%| F|  |TAMS 0x0000000088900000, 0x0000000088900000| Untracked 
| 138|0x0000000088a00000, 0x0000000088a00000, 0x0000000088b00000|  0%| F|  |TAMS 0x0000000088a00000, 0x0000000088a00000| Untracked 
| 139|0x0000000088b00000, 0x0000000088b00000, 0x0000000088c00000|  0%| F|  |TAMS 0x0000000088b00000, 0x0000000088b00000| Untracked 
| 140|0x0000000088c00000, 0x0000000088c00000, 0x0000000088d00000|  0%| F|  |TAMS 0x0000000088c00000, 0x0000000088c00000| Untracked 
| 141|0x0000000088d00000, 0x0000000088d00000, 0x0000000088e00000|  0%| F|  |TAMS 0x0000000088d00000, 0x0000000088d00000| Untracked 
| 142|0x0000000088e00000, 0x0000000088e00000, 0x0000000088f00000|  0%| F|  |TAMS 0x0000000088e00000, 0x0000000088e00000| Untracked 
| 143|0x0000000088f00000, 0x0000000088f00000, 0x0000000089000000|  0%| F|  |TAMS 0x0000000088f00000, 0x0000000088f00000| Untracked 
| 144|0x0000000089000000, 0x0000000089000000, 0x0000000089100000|  0%| F|  |TAMS 0x0000000089000000, 0x0000000089000000| Untracked 
| 145|0x0000000089100000, 0x0000000089100000, 0x0000000089200000|  0%| F|  |TAMS 0x0000000089100000, 0x0000000089100000| Untracked 
| 146|0x0000000089200000, 0x0000000089200000, 0x0000000089300000|  0%| F|  |TAMS 0x0000000089200000, 0x0000000089200000| Untracked 
| 147|0x0000000089300000, 0x0000000089300000, 0x0000000089400000|  0%| F|  |TAMS 0x0000000089300000, 0x0000000089300000| Untracked 
| 148|0x0000000089400000, 0x0000000089400000, 0x0000000089500000|  0%| F|  |TAMS 0x0000000089400000, 0x0000000089400000| Untracked 
| 149|0x0000000089500000, 0x0000000089500000, 0x0000000089600000|  0%| F|  |TAMS 0x0000000089500000, 0x0000000089500000| Untracked 
| 150|0x0000000089600000, 0x0000000089600000, 0x0000000089700000|  0%| F|  |TAMS 0x0000000089600000, 0x0000000089600000| Untracked 
| 151|0x0000000089700000, 0x0000000089700000, 0x0000000089800000|  0%| F|  |TAMS 0x0000000089700000, 0x0000000089700000| Untracked 
| 152|0x0000000089800000, 0x0000000089871340, 0x0000000089900000| 44%| S|CS|TAMS 0x0000000089800000, 0x0000000089800000| Complete 
| 153|0x0000000089900000, 0x0000000089a00000, 0x0000000089a00000|100%| S|CS|TAMS 0x0000000089900000, 0x0000000089900000| Complete 
| 154|0x0000000089a00000, 0x0000000089a00000, 0x0000000089b00000|  0%| F|  |TAMS 0x0000000089a00000, 0x0000000089a00000| Untracked 
| 155|0x0000000089b00000, 0x0000000089b00000, 0x0000000089c00000|  0%| F|  |TAMS 0x0000000089b00000, 0x0000000089b00000| Untracked 
| 156|0x0000000089c00000, 0x0000000089d00000, 0x0000000089d00000|100%| O|  |TAMS 0x0000000089d00000, 0x0000000089c00000| Untracked 
| 157|0x0000000089d00000, 0x0000000089d00000, 0x0000000089e00000|  0%| F|  |TAMS 0x0000000089d00000, 0x0000000089d00000| Untracked 
| 158|0x0000000089e00000, 0x0000000089e00000, 0x0000000089f00000|  0%| F|  |TAMS 0x0000000089e00000, 0x0000000089e00000| Untracked 
| 159|0x0000000089f00000, 0x0000000089f00000, 0x000000008a000000|  0%| F|  |TAMS 0x0000000089f00000, 0x0000000089f00000| Untracked 
| 160|0x000000008a000000, 0x000000008a000000, 0x000000008a100000|  0%| F|  |TAMS 0x000000008a000000, 0x000000008a000000| Untracked 
| 161|0x000000008a100000, 0x000000008a100000, 0x000000008a200000|  0%| F|  |TAMS 0x000000008a100000, 0x000000008a100000| Untracked 
| 162|0x000000008a200000, 0x000000008a200000, 0x000000008a300000|  0%| F|  |TAMS 0x000000008a200000, 0x000000008a200000| Untracked 
| 163|0x000000008a300000, 0x000000008a300000, 0x000000008a400000|  0%| F|  |TAMS 0x000000008a300000, 0x000000008a300000| Untracked 
| 164|0x000000008a400000, 0x000000008a400000, 0x000000008a500000|  0%| F|  |TAMS 0x000000008a400000, 0x000000008a400000| Untracked 
| 165|0x000000008a500000, 0x000000008a500000, 0x000000008a600000|  0%| F|  |TAMS 0x000000008a500000, 0x000000008a500000| Untracked 
| 166|0x000000008a600000, 0x000000008a600000, 0x000000008a700000|  0%| F|  |TAMS 0x000000008a600000, 0x000000008a600000| Untracked 
| 167|0x000000008a700000, 0x000000008a700000, 0x000000008a800000|  0%| F|  |TAMS 0x000000008a700000, 0x000000008a700000| Untracked 
| 168|0x000000008a800000, 0x000000008a800000, 0x000000008a900000|  0%| F|  |TAMS 0x000000008a800000, 0x000000008a800000| Untracked 
| 169|0x000000008a900000, 0x000000008a900000, 0x000000008aa00000|  0%| F|  |TAMS 0x000000008a900000, 0x000000008a900000| Untracked 
| 170|0x000000008aa00000, 0x000000008aa00000, 0x000000008ab00000|  0%| F|  |TAMS 0x000000008aa00000, 0x000000008aa00000| Untracked 
| 171|0x000000008ab00000, 0x000000008ab00000, 0x000000008ac00000|  0%| F|  |TAMS 0x000000008ab00000, 0x000000008ab00000| Untracked 
| 172|0x000000008ac00000, 0x000000008ac00000, 0x000000008ad00000|  0%| F|  |TAMS 0x000000008ac00000, 0x000000008ac00000| Untracked 
| 173|0x000000008ad00000, 0x000000008ad00000, 0x000000008ae00000|  0%| F|  |TAMS 0x000000008ad00000, 0x000000008ad00000| Untracked 
| 174|0x000000008ae00000, 0x000000008ae00000, 0x000000008af00000|  0%| F|  |TAMS 0x000000008ae00000, 0x000000008ae00000| Untracked 
| 175|0x000000008af00000, 0x000000008af00000, 0x000000008b000000|  0%| F|  |TAMS 0x000000008af00000, 0x000000008af00000| Untracked 
| 176|0x000000008b000000, 0x000000008b000000, 0x000000008b100000|  0%| F|  |TAMS 0x000000008b000000, 0x000000008b000000| Untracked 
| 177|0x000000008b100000, 0x000000008b100000, 0x000000008b200000|  0%| F|  |TAMS 0x000000008b100000, 0x000000008b100000| Untracked 
| 178|0x000000008b200000, 0x000000008b200000, 0x000000008b300000|  0%| F|  |TAMS 0x000000008b200000, 0x000000008b200000| Untracked 
| 179|0x000000008b300000, 0x000000008b300000, 0x000000008b400000|  0%| F|  |TAMS 0x000000008b300000, 0x000000008b300000| Untracked 
| 180|0x000000008b400000, 0x000000008b400000, 0x000000008b500000|  0%| F|  |TAMS 0x000000008b400000, 0x000000008b400000| Untracked 
| 181|0x000000008b500000, 0x000000008b500000, 0x000000008b600000|  0%| F|  |TAMS 0x000000008b500000, 0x000000008b500000| Untracked 
| 182|0x000000008b600000, 0x000000008b600000, 0x000000008b700000|  0%| F|  |TAMS 0x000000008b600000, 0x000000008b600000| Untracked 
| 183|0x000000008b700000, 0x000000008b700000, 0x000000008b800000|  0%| F|  |TAMS 0x000000008b700000, 0x000000008b700000| Untracked 
| 184|0x000000008b800000, 0x000000008b800000, 0x000000008b900000|  0%| F|  |TAMS 0x000000008b800000, 0x000000008b800000| Untracked 
| 185|0x000000008b900000, 0x000000008b900000, 0x000000008ba00000|  0%| F|  |TAMS 0x000000008b900000, 0x000000008b900000| Untracked 
| 186|0x000000008ba00000, 0x000000008ba00000, 0x000000008bb00000|  0%| F|  |TAMS 0x000000008ba00000, 0x000000008ba00000| Untracked 
| 187|0x000000008bb00000, 0x000000008bb00000, 0x000000008bc00000|  0%| F|  |TAMS 0x000000008bb00000, 0x000000008bb00000| Untracked 
| 188|0x000000008bc00000, 0x000000008bc00000, 0x000000008bd00000|  0%| F|  |TAMS 0x000000008bc00000, 0x000000008bc00000| Untracked 
| 189|0x000000008bd00000, 0x000000008bd00000, 0x000000008be00000|  0%| F|  |TAMS 0x000000008bd00000, 0x000000008bd00000| Untracked 
| 190|0x000000008be00000, 0x000000008be00000, 0x000000008bf00000|  0%| F|  |TAMS 0x000000008be00000, 0x000000008be00000| Untracked 
| 191|0x000000008bf00000, 0x000000008bf00000, 0x000000008c000000|  0%| F|  |TAMS 0x000000008bf00000, 0x000000008bf00000| Untracked 
| 192|0x000000008c000000, 0x000000008c000000, 0x000000008c100000|  0%| F|  |TAMS 0x000000008c000000, 0x000000008c000000| Untracked 
| 193|0x000000008c100000, 0x000000008c100000, 0x000000008c200000|  0%| F|  |TAMS 0x000000008c100000, 0x000000008c100000| Untracked 
| 194|0x000000008c200000, 0x000000008c200000, 0x000000008c300000|  0%| F|  |TAMS 0x000000008c200000, 0x000000008c200000| Untracked 
| 195|0x000000008c300000, 0x000000008c300000, 0x000000008c400000|  0%| F|  |TAMS 0x000000008c300000, 0x000000008c300000| Untracked 
| 196|0x000000008c400000, 0x000000008c400000, 0x000000008c500000|  0%| F|  |TAMS 0x000000008c400000, 0x000000008c400000| Untracked 
| 197|0x000000008c500000, 0x000000008c500000, 0x000000008c600000|  0%| F|  |TAMS 0x000000008c500000, 0x000000008c500000| Untracked 
| 198|0x000000008c600000, 0x000000008c600000, 0x000000008c700000|  0%| F|  |TAMS 0x000000008c600000, 0x000000008c600000| Untracked 
| 199|0x000000008c700000, 0x000000008c700000, 0x000000008c800000|  0%| F|  |TAMS 0x000000008c700000, 0x000000008c700000| Untracked 
| 200|0x000000008c800000, 0x000000008c800000, 0x000000008c900000|  0%| F|  |TAMS 0x000000008c800000, 0x000000008c800000| Untracked 
| 201|0x000000008c900000, 0x000000008c900000, 0x000000008ca00000|  0%| F|  |TAMS 0x000000008c900000, 0x000000008c900000| Untracked 
| 202|0x000000008ca00000, 0x000000008ca00000, 0x000000008cb00000|  0%| F|  |TAMS 0x000000008ca00000, 0x000000008ca00000| Untracked 
| 203|0x000000008cb00000, 0x000000008cb00000, 0x000000008cc00000|  0%| F|  |TAMS 0x000000008cb00000, 0x000000008cb00000| Untracked 
| 204|0x000000008cc00000, 0x000000008cc00000, 0x000000008cd00000|  0%| F|  |TAMS 0x000000008cc00000, 0x000000008cc00000| Untracked 
| 205|0x000000008cd00000, 0x000000008cd00000, 0x000000008ce00000|  0%| F|  |TAMS 0x000000008cd00000, 0x000000008cd00000| Untracked 
| 206|0x000000008ce00000, 0x000000008ce00000, 0x000000008cf00000|  0%| F|  |TAMS 0x000000008ce00000, 0x000000008ce00000| Untracked 
| 207|0x000000008cf00000, 0x000000008cf00000, 0x000000008d000000|  0%| F|  |TAMS 0x000000008cf00000, 0x000000008cf00000| Untracked 
| 208|0x000000008d000000, 0x000000008d000000, 0x000000008d100000|  0%| F|  |TAMS 0x000000008d000000, 0x000000008d000000| Untracked 
| 209|0x000000008d100000, 0x000000008d100000, 0x000000008d200000|  0%| F|  |TAMS 0x000000008d100000, 0x000000008d100000| Untracked 
| 210|0x000000008d200000, 0x000000008d200000, 0x000000008d300000|  0%| F|  |TAMS 0x000000008d200000, 0x000000008d200000| Untracked 
| 211|0x000000008d300000, 0x000000008d300000, 0x000000008d400000|  0%| F|  |TAMS 0x000000008d300000, 0x000000008d300000| Untracked 
| 212|0x000000008d400000, 0x000000008d400000, 0x000000008d500000|  0%| F|  |TAMS 0x000000008d400000, 0x000000008d400000| Untracked 
| 213|0x000000008d500000, 0x000000008d500000, 0x000000008d600000|  0%| F|  |TAMS 0x000000008d500000, 0x000000008d500000| Untracked 
| 214|0x000000008d600000, 0x000000008d600000, 0x000000008d700000|  0%| F|  |TAMS 0x000000008d600000, 0x000000008d600000| Untracked 
| 215|0x000000008d700000, 0x000000008d700000, 0x000000008d800000|  0%| F|  |TAMS 0x000000008d700000, 0x000000008d700000| Untracked 
| 216|0x000000008d800000, 0x000000008d800000, 0x000000008d900000|  0%| F|  |TAMS 0x000000008d800000, 0x000000008d800000| Untracked 
| 217|0x000000008d900000, 0x000000008d900000, 0x000000008da00000|  0%| F|  |TAMS 0x000000008d900000, 0x000000008d900000| Untracked 
| 218|0x000000008da00000, 0x000000008da00000, 0x000000008db00000|  0%| F|  |TAMS 0x000000008da00000, 0x000000008da00000| Untracked 
| 219|0x000000008db00000, 0x000000008db00000, 0x000000008dc00000|  0%| F|  |TAMS 0x000000008db00000, 0x000000008db00000| Untracked 
| 220|0x000000008dc00000, 0x000000008dc00000, 0x000000008dd00000|  0%| F|  |TAMS 0x000000008dc00000, 0x000000008dc00000| Untracked 
| 221|0x000000008dd00000, 0x000000008dd00000, 0x000000008de00000|  0%| F|  |TAMS 0x000000008dd00000, 0x000000008dd00000| Untracked 
| 222|0x000000008de00000, 0x000000008de00000, 0x000000008df00000|  0%| F|  |TAMS 0x000000008de00000, 0x000000008de00000| Untracked 
| 223|0x000000008df00000, 0x000000008df00000, 0x000000008e000000|  0%| F|  |TAMS 0x000000008df00000, 0x000000008df00000| Untracked 
| 224|0x000000008e000000, 0x000000008e000000, 0x000000008e100000|  0%| F|  |TAMS 0x000000008e000000, 0x000000008e000000| Untracked 
| 225|0x000000008e100000, 0x000000008e100000, 0x000000008e200000|  0%| F|  |TAMS 0x000000008e100000, 0x000000008e100000| Untracked 
| 226|0x000000008e200000, 0x000000008e200000, 0x000000008e300000|  0%| F|  |TAMS 0x000000008e200000, 0x000000008e200000| Untracked 
| 227|0x000000008e300000, 0x000000008e300000, 0x000000008e400000|  0%| F|  |TAMS 0x000000008e300000, 0x000000008e300000| Untracked 
| 228|0x000000008e400000, 0x000000008e400000, 0x000000008e500000|  0%| F|  |TAMS 0x000000008e400000, 0x000000008e400000| Untracked 
| 229|0x000000008e500000, 0x000000008e500000, 0x000000008e600000|  0%| F|  |TAMS 0x000000008e500000, 0x000000008e500000| Untracked 
| 230|0x000000008e600000, 0x000000008e600000, 0x000000008e700000|  0%| F|  |TAMS 0x000000008e600000, 0x000000008e600000| Untracked 
| 231|0x000000008e700000, 0x000000008e780800, 0x000000008e800000| 50%| E|  |TAMS 0x000000008e700000, 0x000000008e700000| Complete 
| 232|0x000000008e800000, 0x000000008e900000, 0x000000008e900000|100%| E|CS|TAMS 0x000000008e800000, 0x000000008e800000| Complete 
| 233|0x000000008e900000, 0x000000008ea00000, 0x000000008ea00000|100%| E|CS|TAMS 0x000000008e900000, 0x000000008e900000| Complete 
| 234|0x000000008ea00000, 0x000000008eb00000, 0x000000008eb00000|100%| E|CS|TAMS 0x000000008ea00000, 0x000000008ea00000| Complete 
| 235|0x000000008eb00000, 0x000000008ec00000, 0x000000008ec00000|100%| E|CS|TAMS 0x000000008eb00000, 0x000000008eb00000| Complete 
| 236|0x000000008ec00000, 0x000000008ed00000, 0x000000008ed00000|100%| E|CS|TAMS 0x000000008ec00000, 0x000000008ec00000| Complete 
| 237|0x000000008ed00000, 0x000000008ee00000, 0x000000008ee00000|100%| E|CS|TAMS 0x000000008ed00000, 0x000000008ed00000| Complete 
| 238|0x000000008ee00000, 0x000000008ef00000, 0x000000008ef00000|100%| E|CS|TAMS 0x000000008ee00000, 0x000000008ee00000| Complete 
| 239|0x000000008ef00000, 0x000000008f000000, 0x000000008f000000|100%| E|CS|TAMS 0x000000008ef00000, 0x000000008ef00000| Complete 
| 240|0x000000008f000000, 0x000000008f100000, 0x000000008f100000|100%| E|CS|TAMS 0x000000008f000000, 0x000000008f000000| Complete 
| 241|0x000000008f100000, 0x000000008f200000, 0x000000008f200000|100%| E|CS|TAMS 0x000000008f100000, 0x000000008f100000| Complete 
| 242|0x000000008f200000, 0x000000008f300000, 0x000000008f300000|100%| E|CS|TAMS 0x000000008f200000, 0x000000008f200000| Complete 
| 243|0x000000008f300000, 0x000000008f400000, 0x000000008f400000|100%| E|CS|TAMS 0x000000008f300000, 0x000000008f300000| Complete 
| 244|0x000000008f400000, 0x000000008f500000, 0x000000008f500000|100%| E|CS|TAMS 0x000000008f400000, 0x000000008f400000| Complete 
| 245|0x000000008f500000, 0x000000008f600000, 0x000000008f600000|100%| E|CS|TAMS 0x000000008f500000, 0x000000008f500000| Complete 
| 246|0x000000008f600000, 0x000000008f700000, 0x000000008f700000|100%| E|CS|TAMS 0x000000008f600000, 0x000000008f600000| Complete 

Card table byte_map: [0x0000019ce1f90000,0x0000019ce2390000] _byte_map_base: 0x0000019ce1b90000

Marking Bits (Prev, Next): (CMBitMap*) 0x0000019ccea6abb0, (CMBitMap*) 0x0000019ccea6ab78
 Prev Bits: [0x0000019ce4790000, 0x0000019ce6790000)
 Next Bits: [0x0000019ce2790000, 0x0000019ce4790000)

Polling page: 0x0000019cceb10000

Metaspace:

Usage:
  Non-class:     97.64 MB capacity,    96.10 MB ( 98%) used,     1.20 MB (  1%) free+waste,   345.19 KB ( <1%) overhead. 
      Class:     14.88 MB capacity,    13.86 MB ( 93%) used,   895.38 KB (  6%) free+waste,   152.38 KB ( <1%) overhead. 
       Both:    112.52 MB capacity,   109.96 MB ( 98%) used,     2.08 MB (  2%) free+waste,   497.56 KB ( <1%) overhead. 

Virtual space:
  Non-class space:      100.00 MB reserved,      98.37 MB ( 98%) committed 
      Class space:        1.00 GB reserved,      15.25 MB (  1%) committed 
             Both:        1.10 GB reserved,     113.62 MB ( 10%) committed 

Chunk freelists:
   Non-Class:  554.00 KB
       Class:  334.00 KB
        Both:  888.00 KB

MaxMetaspaceSize: 17179869184.00 GB
CompressedClassSpaceSize: 1.00 GB

CodeHeap 'non-profiled nmethods': size=120064Kb used=12493Kb max_used=13078Kb free=107571Kb
 bounds [0x0000019cda010000, 0x0000019cdace0000, 0x0000019ce1550000]
CodeHeap 'profiled nmethods': size=120000Kb used=36765Kb max_used=39261Kb free=83235Kb
 bounds [0x0000019cd2ae0000, 0x0000019cd5150000, 0x0000019cda010000]
CodeHeap 'non-nmethods': size=5696Kb used=2328Kb max_used=2417Kb free=3367Kb
 bounds [0x0000019cd2550000, 0x0000019cd27c0000, 0x0000019cd2ae0000]
 total_blobs=16999 nmethods=16056 adapters=852
 compilation: enabled
              stopped_count=0, restarted_count=0
 full_count=0

Compilation events (20 events):
Event: 131.150 Thread 0x0000019ce8e1e800 17757       2       com.android.tools.r8.ir.conversion.r$$Lambda$1461/0x0000000100e10040::get$Lambda (9 bytes)
Event: 131.151 Thread 0x0000019ce8e1e800 nmethod 17757 0x0000019cd513f210 code [0x0000019cd513f3c0, 0x0000019cd513f538]
Event: 131.151 Thread 0x0000019ce8e1e800 17758       2       com.android.tools.r8.internal.g51::a (21 bytes)
Event: 131.151 Thread 0x0000019ce8e1e800 nmethod 17758 0x0000019cd513f610 code [0x0000019cd513f7e0, 0x0000019cd513fa88]
Event: 131.151 Thread 0x0000019ce8e1e800 17759       2       com.android.tools.r8.ir.conversion.r$$Lambda$1461/0x0000000100e10040::forEach (9 bytes)
Event: 131.152 Thread 0x0000019ce8e1e800 nmethod 17759 0x0000019cd513fb90 code [0x0000019cd513fd80, 0x0000019cd5140198]
Event: 131.154 Thread 0x0000019ce8e1e800 17760       2       com.android.tools.r8.graph.S0::o1 (13 bytes)
Event: 131.155 Thread 0x0000019ce8e1e800 nmethod 17760 0x0000019cd5140410 code [0x0000019cd51405c0, 0x0000019cd51406d8]
Event: 131.155 Thread 0x0000019ce8e1e800 17761       2       com.android.tools.r8.graph.S0::a (37 bytes)
Event: 131.156 Thread 0x0000019ce8e1e800 nmethod 17761 0x0000019cd5140790 code [0x0000019cd5140960, 0x0000019cd5140ba8]
Event: 131.193 Thread 0x0000019ce8dcd000 nmethod 17683 0x0000019cdacb3910 code [0x0000019cdacb5340, 0x0000019cdacc85d8]
Event: 131.194 Thread 0x0000019ce8dcd000 17713       4       java.util.PriorityQueue::siftDownComparable (100 bytes)
Event: 131.234 Thread 0x0000019ce8dcd000 nmethod 17713 0x0000019cda058e10 code [0x0000019cda059040, 0x0000019cda059e18]
Event: 131.234 Thread 0x0000019ce8dcd000 17695       4       com.android.tools.r8.ir.regalloc.b::a (270 bytes)
Event: 131.299 Thread 0x0000019ce8e1e800 17765       2       com.android.tools.r8.ir.regalloc.b::h (7 bytes)
Event: 131.300 Thread 0x0000019ce8e1e800 nmethod 17765 0x0000019cd2afe110 code [0x0000019cd2afe2c0, 0x0000019cd2afe3f8]
Event: 131.360 Thread 0x0000019ce8e1e800 17767       1       com.android.tools.r8.internal.Tz0::e2 (3 bytes)
Event: 131.360 Thread 0x0000019ce8e1e800 nmethod 17767 0x0000019cda022310 code [0x0000019cda0224c0, 0x0000019cda022578]
Event: 131.380 Thread 0x0000019ce8e1e800 17768       2       com.android.tools.r8.graph.S$d::<init> (25 bytes)
Event: 131.381 Thread 0x0000019ce8e1e800 nmethod 17768 0x0000019cd2b1c390 code [0x0000019cd2b1c540, 0x0000019cd2b1c758]

GC Heap History (20 events):
Event: 84.647 GC heap before
{Heap before GC invocations=79 (full 0):
 garbage-first heap   total 199680K, used 195713K [0x0000000080000000, 0x0000000100000000)
  region size 1024K, 43 young (44032K), 6 survivors (6144K)
 Metaspace       used 93369K, capacity 95501K, committed 95612K, reserved 1132544K
  class space    used 11712K, capacity 12503K, committed 12544K, reserved 1048576K
}
Event: 84.655 GC heap after
{Heap after GC invocations=80 (full 0):
 garbage-first heap   total 199680K, used 106189K [0x0000000080000000, 0x0000000100000000)
  region size 1024K, 1 young (1024K), 1 survivors (1024K)
 Metaspace       used 93369K, capacity 95501K, committed 95612K, reserved 1132544K
  class space    used 11712K, capacity 12503K, committed 12544K, reserved 1048576K
}
Event: 85.425 GC heap before
{Heap before GC invocations=80 (full 0):
 garbage-first heap   total 199680K, used 114381K [0x0000000080000000, 0x0000000100000000)
  region size 1024K, 9 young (9216K), 1 survivors (1024K)
 Metaspace       used 93778K, capacity 95957K, committed 96252K, reserved 1132544K
  class space    used 11759K, capacity 12570K, committed 12672K, reserved 1048576K
}
Event: 85.431 GC heap after
{Heap after GC invocations=81 (full 0):
 garbage-first heap   total 199680K, used 93958K [0x0000000080000000, 0x0000000100000000)
  region size 1024K, 1 young (1024K), 1 survivors (1024K)
 Metaspace       used 93778K, capacity 95957K, committed 96252K, reserved 1132544K
  class space    used 11759K, capacity 12570K, committed 12672K, reserved 1048576K
}
Event: 90.593 GC heap before
{Heap before GC invocations=81 (full 0):
 garbage-first heap   total 199680K, used 149254K [0x0000000080000000, 0x0000000100000000)
  region size 1024K, 56 young (57344K), 1 survivors (1024K)
 Metaspace       used 97249K, capacity 99379K, committed 99452K, reserved 1136640K
  class space    used 12194K, capacity 13001K, committed 13056K, reserved 1048576K
}
Event: 90.606 GC heap after
{Heap after GC invocations=82 (full 0):
 garbage-first heap   total 199680K, used 95045K [0x0000000080000000, 0x0000000100000000)
  region size 1024K, 2 young (2048K), 2 survivors (2048K)
 Metaspace       used 97249K, capacity 99379K, committed 99452K, reserved 1136640K
  class space    used 12194K, capacity 13001K, committed 13056K, reserved 1048576K
}
Event: 101.164 GC heap before
{Heap before GC invocations=83 (full 0):
 garbage-first heap   total 199680K, used 149317K [0x0000000080000000, 0x0000000100000000)
  region size 1024K, 59 young (60416K), 2 survivors (2048K)
 Metaspace       used 99272K, capacity 101524K, committed 101756K, reserved 1138688K
  class space    used 12391K, capacity 13249K, committed 13312K, reserved 1048576K
}
Event: 101.188 GC heap after
{Heap after GC invocations=84 (full 0):
 garbage-first heap   total 199680K, used 95763K [0x0000000080000000, 0x0000000100000000)
  region size 1024K, 6 young (6144K), 6 survivors (6144K)
 Metaspace       used 99272K, capacity 101524K, committed 101756K, reserved 1138688K
  class space    used 12391K, capacity 13249K, committed 13312K, reserved 1048576K
}
Event: 101.793 GC heap before
{Heap before GC invocations=84 (full 0):
 garbage-first heap   total 199680K, used 97811K [0x0000000080000000, 0x0000000100000000)
  region size 1024K, 9 young (9216K), 6 survivors (6144K)
 Metaspace       used 99297K, capacity 101524K, committed 101756K, reserved 1138688K
  class space    used 12391K, capacity 13249K, committed 13312K, reserved 1048576K
}
Event: 101.874 GC heap after
{Heap after GC invocations=85 (full 0):
 garbage-first heap   total 199680K, used 90663K [0x0000000080000000, 0x0000000100000000)
  region size 1024K, 1 young (1024K), 1 survivors (1024K)
 Metaspace       used 99297K, capacity 101524K, committed 101756K, reserved 1138688K
  class space    used 12391K, capacity 13249K, committed 13312K, reserved 1048576K
}
Event: 108.408 GC heap before
{Heap before GC invocations=85 (full 0):
 garbage-first heap   total 199680K, used 151079K [0x0000000080000000, 0x0000000100000000)
  region size 1024K, 61 young (62464K), 1 survivors (1024K)
 Metaspace       used 109056K, capacity 111819K, committed 111996K, reserved 1146880K
  class space    used 13983K, capacity 15085K, committed 15104K, reserved 1048576K
}
Event: 108.430 GC heap after
{Heap after GC invocations=86 (full 0):
 garbage-first heap   total 199680K, used 93997K [0x0000000080000000, 0x0000000100000000)
  region size 1024K, 4 young (4096K), 4 survivors (4096K)
 Metaspace       used 109056K, capacity 111819K, committed 111996K, reserved 1146880K
  class space    used 13983K, capacity 15085K, committed 15104K, reserved 1048576K
}
Event: 112.556 GC heap before
{Heap before GC invocations=87 (full 0):
 garbage-first heap   total 199680K, used 157485K [0x0000000080000000, 0x0000000100000000)
  region size 1024K, 67 young (68608K), 4 survivors (4096K)
 Metaspace       used 112177K, capacity 115180K, committed 115324K, reserved 1148928K
  class space    used 14359K, capacity 15554K, committed 15616K, reserved 1048576K
}
Event: 112.618 GC heap after
{Heap after GC invocations=88 (full 0):
 garbage-first heap   total 199680K, used 93548K [0x0000000080000000, 0x0000000100000000)
  region size 1024K, 4 young (4096K), 4 survivors (4096K)
 Metaspace       used 112177K, capacity 115180K, committed 115324K, reserved 1148928K
  class space    used 14359K, capacity 15554K, committed 15616K, reserved 1048576K
}
Event: 116.026 GC heap before
{Heap before GC invocations=88 (full 0):
 garbage-first heap   total 199680K, used 158060K [0x0000000080000000, 0x0000000100000000)
  region size 1024K, 68 young (69632K), 4 survivors (4096K)
 Metaspace       used 112653K, capacity 115640K, committed 115836K, reserved 1148928K
  class space    used 14368K, capacity 15564K, committed 15616K, reserved 1048576K
}
Event: 116.334 GC heap after
{Heap after GC invocations=89 (full 0):
 garbage-first heap   total 199680K, used 99159K [0x0000000080000000, 0x0000000100000000)
  region size 1024K, 9 young (9216K), 9 survivors (9216K)
 Metaspace       used 112653K, capacity 115640K, committed 115836K, reserved 1148928K
  class space    used 14368K, capacity 15564K, committed 15616K, reserved 1048576K
}
Event: 118.113 GC heap before
{Heap before GC invocations=90 (full 0):
 garbage-first heap   total 199680K, used 162647K [0x0000000080000000, 0x0000000100000000)
  region size 1024K, 71 young (72704K), 9 survivors (9216K)
 Metaspace       used 112978K, capacity 115928K, committed 116092K, reserved 1150976K
  class space    used 14370K, capacity 15565K, committed 15616K, reserved 1048576K
}
Event: 118.237 GC heap after
{Heap after GC invocations=91 (full 0):
 garbage-first heap   total 199680K, used 98215K [0x0000000080000000, 0x0000000100000000)
  region size 1024K, 2 young (2048K), 2 survivors (2048K)
 Metaspace       used 112978K, capacity 115928K, committed 116092K, reserved 1150976K
  class space    used 14370K, capacity 15565K, committed 15616K, reserved 1048576K
}
Event: 120.191 GC heap before
{Heap before GC invocations=91 (full 0):
 garbage-first heap   total 199680K, used 162727K [0x0000000080000000, 0x0000000100000000)
  region size 1024K, 65 young (66560K), 2 survivors (2048K)
 Metaspace       used 113076K, capacity 116019K, committed 116092K, reserved 1150976K
  class space    used 14377K, capacity 15573K, committed 15616K, reserved 1048576K
}
Event: 120.198 GC heap after
{Heap after GC invocations=92 (full 0):
 garbage-first heap   total 252928K, used 97615K [0x0000000080000000, 0x0000000100000000)
  region size 1024K, 1 young (1024K), 1 survivors (1024K)
 Metaspace       used 113076K, capacity 116019K, committed 116092K, reserved 1150976K
  class space    used 14377K, capacity 15573K, committed 15616K, reserved 1048576K
}

Deoptimization events (20 events):
Event: 123.057 Thread 0x0000019ceba97800 DEOPT PACKING pc=0x0000019cd4c4fa23 sp=0x00000042369f8d40
Event: 123.058 Thread 0x0000019ceba97800 DEOPT UNPACKING pc=0x0000019cd2576d5e sp=0x00000042369f84f0 mode 0
Event: 125.896 Thread 0x0000019ceba97800 Uncommon trap: trap_request=0xffffff76 fr.pc=0x0000019cdac27f84 relative=0x0000000000005224
Event: 125.896 Thread 0x0000019ceba97800 Uncommon trap: reason=loop_limit_check action=maybe_recompile pc=0x0000019cdac27f84 method=com.android.tools.r8.internal.kK0.a(Lcom/android/tools/r8/internal/IV0;)Z @ 119 c2
Event: 125.896 Thread 0x0000019ceba97800 DEOPT PACKING pc=0x0000019cdac27f84 sp=0x00000042369f9320
Event: 125.896 Thread 0x0000019ceba97800 DEOPT UNPACKING pc=0x0000019cd25765af sp=0x00000042369f92d0 mode 2
Event: 126.442 Thread 0x0000019ceba97800 Uncommon trap: trap_request=0xffffff76 fr.pc=0x0000019cdac45284 relative=0x0000000000005b04
Event: 126.442 Thread 0x0000019ceba97800 Uncommon trap: reason=loop_limit_check action=maybe_recompile pc=0x0000019cdac45284 method=com.android.tools.r8.internal.kK0.a(Lcom/android/tools/r8/internal/IV0;)Z @ 119 c2
Event: 126.442 Thread 0x0000019ceba97800 DEOPT PACKING pc=0x0000019cdac45284 sp=0x00000042369f92b0
Event: 126.442 Thread 0x0000019ceba97800 DEOPT UNPACKING pc=0x0000019cd25765af sp=0x00000042369f92a8 mode 2
Event: 128.041 Thread 0x0000019ceba97800 DEOPT PACKING pc=0x0000019cd4c273ef sp=0x00000042369f8d60
Event: 128.041 Thread 0x0000019ceba97800 DEOPT UNPACKING pc=0x0000019cd2576d5e sp=0x00000042369f8520 mode 0
Event: 130.363 Thread 0x0000019ceba97800 DEOPT PACKING pc=0x0000019cd4c273ef sp=0x00000042369f8d60
Event: 130.363 Thread 0x0000019ceba97800 DEOPT UNPACKING pc=0x0000019cd2576d5e sp=0x00000042369f8520 mode 0
Event: 130.832 Thread 0x0000019ceba97800 Uncommon trap: trap_request=0xffffff4d fr.pc=0x0000019cdac9ccf8 relative=0x00000000000047b8
Event: 130.832 Thread 0x0000019ceba97800 Uncommon trap: reason=unstable_if action=reinterpret pc=0x0000019cdac9ccf8 method=com.android.tools.r8.internal.fB0.a(Lcom/android/tools/r8/internal/DU0;Lcom/android/tools/r8/internal/DU0;Ljava/util/Set;)Z @ 552 c2
Event: 130.832 Thread 0x0000019ceba97800 DEOPT PACKING pc=0x0000019cdac9ccf8 sp=0x00000042369f9220
Event: 130.832 Thread 0x0000019ceba97800 DEOPT UNPACKING pc=0x0000019cd25765af sp=0x00000042369f9238 mode 2
Event: 130.901 Thread 0x0000019ceba97800 DEOPT PACKING pc=0x0000019cd4c273ef sp=0x00000042369f8d60
Event: 130.901 Thread 0x0000019ceba97800 DEOPT UNPACKING pc=0x0000019cd2576d5e sp=0x00000042369f8520 mode 0

Classes redefined (0 events):
No events

Internal exceptions (20 events):
Event: 107.800 Thread 0x0000019ced924000 Exception <a 'java/lang/NoSuchMethodError'{0x0000000088e99d20}: 'java.lang.Object java.lang.invoke.DirectMethodHandle$Holder.newInvokeSpecial(java.lang.Object, int)'> (0x0000000088e99d20) thrown at [./src/hotspot/share/interpreter/linkResolver.cpp, line 773]
Event: 107.800 Thread 0x0000019ceba9b000 Exception <a 'java/lang/NoSuchMethodError'{0x0000000088e9e188}: 'java.lang.Object java.lang.invoke.DirectMethodHandle$Holder.newInvokeSpecial(java.lang.Object, int)'> (0x0000000088e9e188) thrown at [./src/hotspot/share/interpreter/linkResolver.cpp, line 773]
Event: 107.802 Thread 0x0000019cea7ba000 Exception <a 'java/lang/NoSuchMethodError'{0x0000000088e90fc0}: 'java.lang.Object java.lang.invoke.DirectMethodHandle$Holder.newInvokeSpecial(java.lang.Object, int)'> (0x0000000088e90fc0) thrown at [./src/hotspot/share/interpreter/linkResolver.cpp, line 773]
Event: 107.803 Thread 0x0000019cea7c2000 Exception <a 'java/lang/NoSuchMethodError'{0x0000000088e84740}: 'java.lang.Object java.lang.invoke.DirectMethodHandle$Holder.newInvokeSpecial(java.lang.Object, int)'> (0x0000000088e84740) thrown at [./src/hotspot/share/interpreter/linkResolver.cpp, line 773]
Event: 109.711 Thread 0x0000019ceba9b000 Exception <a 'java/lang/NoSuchMethodError'{0x000000008b9dc110}: 'java.lang.Object java.lang.invoke.Invokers$Holder.linkToTargetMethod(java.lang.Object, int, java.lang.Object, java.lang.Object, java.lang.Object, java.lang.Object)'> (0x000000008b9dc110) thrown at [./src/hotspot/share/interpreter/linkResolver.cpp, line 773]
Event: 109.714 Thread 0x0000019ceba9b000 Exception <a 'java/lang/NoSuchMethodError'{0x000000008b9f0180}: 'java.lang.Object java.lang.invoke.Invokers$Holder.linkToTargetMethod(java.lang.Object, java.lang.Object, java.lang.Object, int, java.lang.Object, java.lang.Object, java.lang.Object)'> (0x000000008b9f0180) thrown at [./src/hotspot/share/interpreter/linkResolver.cpp, line 773]
Event: 109.721 Thread 0x0000019ceba9b000 Exception <a 'java/lang/NoSuchMethodError'{0x000000008b805570}: 'void java.lang.invoke.DirectMethodHandle$Holder.invokeStatic(java.lang.Object, java.lang.Object, java.lang.Object, java.lang.Object, java.lang.Object, java.lang.Object, java.lang.Object, java.lang.Object)'> (0x000000008b805570) thrown at [./src/hotspot/share/interpreter/linkResolver.cpp, line 773]
Event: 110.043 Thread 0x0000019cea7ba000 Exception <a 'java/lang/IncompatibleClassChangeError'{0x000000008b3f77d0}: Found class java.lang.Object, but interface was expected> (0x000000008b3f77d0) thrown at [./src/hotspot/share/interpreter/linkResolver.cpp, line 839]
Event: 110.480 Thread 0x0000019cea7ba000 Exception <a 'java/lang/NoSuchMethodError'{0x000000008ad4e8e8}: 'void java.lang.invoke.DirectMethodHandle$Holder.invokeVirtual(java.lang.Object, java.lang.Object, int)'> (0x000000008ad4e8e8) thrown at [./src/hotspot/share/interpreter/linkResolver.cpp, line 773]
Event: 110.800 Thread 0x0000019cea7ba000 Exception <a 'sun/nio/fs/WindowsException'{0x000000008a83db88}> (0x000000008a83db88) thrown at [./src/hotspot/share/prims/jni.cpp, line 615]
Event: 110.978 Thread 0x0000019ceba9b000 Exception <a 'sun/nio/fs/WindowsException'{0x000000008aded948}> (0x000000008aded948) thrown at [./src/hotspot/share/prims/jni.cpp, line 615]
Event: 112.760 Thread 0x0000019ced924000 Exception <a 'sun/nio/fs/WindowsException'{0x000000008b9a4108}> (0x000000008b9a4108) thrown at [./src/hotspot/share/prims/jni.cpp, line 615]
Event: 112.904 Thread 0x0000019cea7bb800 Exception <a 'sun/nio/fs/WindowsException'{0x000000008b8f7930}> (0x000000008b8f7930) thrown at [./src/hotspot/share/prims/jni.cpp, line 615]
Event: 112.924 Thread 0x0000019ceba97800 Exception <a 'sun/nio/fs/WindowsException'{0x000000008b649dd0}> (0x000000008b649dd0) thrown at [./src/hotspot/share/prims/jni.cpp, line 615]
Event: 113.128 Thread 0x0000019cea7c2000 Exception <a 'sun/nio/fs/WindowsException'{0x000000008b311a88}> (0x000000008b311a88) thrown at [./src/hotspot/share/prims/jni.cpp, line 615]
Event: 115.313 Thread 0x0000019cea7c4000 Exception <a 'sun/nio/fs/WindowsException'{0x00000000898fd680}> (0x00000000898fd680) thrown at [./src/hotspot/share/prims/jni.cpp, line 615]
Event: 116.586 Thread 0x0000019cea7c4000 Exception <a 'sun/nio/fs/WindowsException'{0x000000008ba3ff18}> (0x000000008ba3ff18) thrown at [./src/hotspot/share/prims/jni.cpp, line 615]
Event: 117.073 Thread 0x0000019cea7bb800 Exception <a 'sun/nio/fs/WindowsException'{0x000000008abfbcd8}> (0x000000008abfbcd8) thrown at [./src/hotspot/share/prims/jni.cpp, line 615]
Event: 118.784 Thread 0x0000019ceba97800 Implicit null exception at 0x0000019cdab559a0 to 0x0000019cdab59500
Event: 125.611 Thread 0x0000019ceba97800 Exception <a 'java/lang/NoSuchMethodError'{0x000000008dff9a30}: 'int java.lang.invoke.DirectMethodHandle$Holder.invokeInterface(java.lang.Object, java.lang.Object, int)'> (0x000000008dff9a30) thrown at [./src/hotspot/share/interpreter/linkResolver.cpp, line 773]

Events (20 events):
Event: 131.257 Thread 0x0000019ce8e1f800 flushing nmethod 0x0000019cd3fbaf90
Event: 131.257 Thread 0x0000019ce8e1f800 flushing nmethod 0x0000019cd3fbd590
Event: 131.257 Thread 0x0000019ce8e1f800 flushing nmethod 0x0000019cd3fbe190
Event: 131.257 Thread 0x0000019ce8e1f800 flushing nmethod 0x0000019cd3fbf710
Event: 131.257 Thread 0x0000019ce8e1f800 flushing nmethod 0x0000019cd3fd0f10
Event: 131.257 Thread 0x0000019ce8e1f800 flushing nmethod 0x0000019cd3fd1290
Event: 131.257 Thread 0x0000019ce8e1f800 flushing nmethod 0x0000019cd3fe4d90
Event: 131.257 Thread 0x0000019ce8e1f800 flushing nmethod 0x0000019cd3fe9c90
Event: 131.257 Thread 0x0000019ce8e1f800 flushing nmethod 0x0000019cd3ff8f90
Event: 131.257 Thread 0x0000019ce8e1f800 flushing nmethod 0x0000019cd3ffe210
Event: 131.257 Thread 0x0000019ce8e1f800 flushing nmethod 0x0000019cd3ffe590
Event: 131.257 Thread 0x0000019ce8e1f800 flushing nmethod 0x0000019cd4048310
Event: 131.258 Thread 0x0000019ce8e1f800 flushing nmethod 0x0000019cd4054310
Event: 131.258 Thread 0x0000019ce8e1f800 flushing nmethod 0x0000019cd4054810
Event: 131.258 Thread 0x0000019ce8e1f800 flushing nmethod 0x0000019cd4074490
Event: 131.258 Thread 0x0000019ce8e1f800 flushing nmethod 0x0000019cd4075a90
Event: 131.258 Thread 0x0000019ce8e1f800 flushing nmethod 0x0000019cd4077410
Event: 131.258 Thread 0x0000019ce8e1f800 flushing nmethod 0x0000019cd4082d90
Event: 131.259 Thread 0x0000019ce8e1f800 flushing nmethod 0x0000019cd414b690
Event: 131.262 Thread 0x0000019ce8e1f800 flushing nmethod 0x0000019cd4378d90


Dynamic libraries:
0x00007ff642ab0000 - 0x00007ff642aba000 	C:\Program Files\Android\Android Studio\jre\bin\java.exe
0x00007ff872b50000 - 0x00007ff872d45000 	C:\Windows\SYSTEM32\ntdll.dll
0x00007ff8728b0000 - 0x00007ff87296e000 	C:\Windows\System32\KERNEL32.DLL
0x00007ff870500000 - 0x00007ff8707c8000 	C:\Windows\System32\KERNELBASE.dll
0x00007ff8702c0000 - 0x00007ff8703c0000 	C:\Windows\System32\ucrtbase.dll
0x00007ff86b2d0000 - 0x00007ff86b2e9000 	C:\Program Files\Android\Android Studio\jre\bin\jli.dll
0x00007ff862060000 - 0x00007ff862077000 	C:\Program Files\Android\Android Studio\jre\bin\VCRUNTIME140.dll
0x00007ff871400000 - 0x00007ff8715a0000 	C:\Windows\System32\USER32.dll
0x00007ff8610b0000 - 0x00007ff86134a000 	C:\Windows\WinSxS\amd64_microsoft.windows.common-controls_6595b64144ccf1df_6.0.19041.1110_none_60b5254171f9507e\COMCTL32.dll
0x00007ff8704d0000 - 0x00007ff8704f2000 	C:\Windows\System32\win32u.dll
0x00007ff871100000 - 0x00007ff87119e000 	C:\Windows\System32\msvcrt.dll
0x00007ff8712f0000 - 0x00007ff87131a000 	C:\Windows\System32\GDI32.dll
0x00007ff8703c0000 - 0x00007ff8704cb000 	C:\Windows\System32\gdi32full.dll
0x00007ff870800000 - 0x00007ff87089d000 	C:\Windows\System32\msvcp_win.dll
0x00007ff871710000 - 0x00007ff871740000 	C:\Windows\System32\IMM32.DLL
0x00007ff8544b0000 - 0x00007ff85454d000 	C:\Program Files\Android\Android Studio\jre\bin\msvcp140.dll
0x00007ff82d420000 - 0x00007ff82def5000 	C:\Program Files\Android\Android Studio\jre\bin\server\jvm.dll
0x00007ff870bb0000 - 0x00007ff870c5e000 	C:\Windows\System32\ADVAPI32.dll
0x00007ff870f30000 - 0x00007ff870fcc000 	C:\Windows\System32\sechost.dll
0x00007ff870fd0000 - 0x00007ff8710f5000 	C:\Windows\System32\RPCRT4.dll
0x00007ff871fc0000 - 0x00007ff871fc8000 	C:\Windows\System32\PSAPI.DLL
0x00007ff863b50000 - 0x00007ff863b5a000 	C:\Windows\SYSTEM32\VERSION.dll
0x00007ff85a120000 - 0x00007ff85a147000 	C:\Windows\SYSTEM32\WINMM.dll
0x00007ff86be50000 - 0x00007ff86be59000 	C:\Windows\SYSTEM32\WSOCK32.dll
0x00007ff872970000 - 0x00007ff8729db000 	C:\Windows\System32\WS2_32.dll
0x00007ff86e1b0000 - 0x00007ff86e1c2000 	C:\Windows\SYSTEM32\kernel.appcore.dll
0x00007ff86be10000 - 0x00007ff86be21000 	C:\Program Files\Android\Android Studio\jre\bin\verify.dll
0x00007ff8617f0000 - 0x00007ff8619d4000 	C:\Windows\SYSTEM32\DBGHELP.DLL
0x00007ff861bc0000 - 0x00007ff861bec000 	C:\Windows\SYSTEM32\dbgcore.DLL
0x00007ff870b20000 - 0x00007ff870ba2000 	C:\Windows\System32\bcryptPrimitives.dll
0x00007ff8616f0000 - 0x00007ff861719000 	C:\Program Files\Android\Android Studio\jre\bin\java.dll
0x00007ff86bdf0000 - 0x00007ff86bdfb000 	C:\Program Files\Android\Android Studio\jre\bin\jimage.dll
0x00007ff86bd70000 - 0x00007ff86bd88000 	C:\Program Files\Android\Android Studio\jre\bin\zip.dll
0x00007ff872030000 - 0x00007ff872774000 	C:\Windows\System32\SHELL32.dll
0x00007ff86e3b0000 - 0x00007ff86eb44000 	C:\Windows\SYSTEM32\windows.storage.dll
0x00007ff8717f0000 - 0x00007ff871b44000 	C:\Windows\System32\combase.dll
0x00007ff86fc10000 - 0x00007ff86fc3c000 	C:\Windows\SYSTEM32\Wldp.dll
0x00007ff871740000 - 0x00007ff8717ed000 	C:\Windows\System32\SHCORE.dll
0x00007ff8729e0000 - 0x00007ff872a35000 	C:\Windows\System32\shlwapi.dll
0x00007ff8701b0000 - 0x00007ff8701cf000 	C:\Windows\SYSTEM32\profapi.dll
0x00007ff8616a0000 - 0x00007ff8616ba000 	C:\Program Files\Android\Android Studio\jre\bin\net.dll
0x00007ff867f70000 - 0x00007ff86807a000 	C:\Windows\SYSTEM32\WINHTTP.dll
0x00007ff86f970000 - 0x00007ff86f9da000 	C:\Windows\system32\mswsock.dll
0x00007ff85e110000 - 0x00007ff85e124000 	C:\Program Files\Android\Android Studio\jre\bin\nio.dll
0x00007ff85d550000 - 0x00007ff85d577000 	C:\Users\Comp\.gradle\native\e1d6ef7f7dcc3fd88c89a11ec53ec762bb8ba0a96d01ffa2cd45eb1d1d8dd5c5\windows-amd64\native-platform.dll
0x00007ff852450000 - 0x00007ff852594000 	C:\Users\Comp\.gradle\native\5664cfc778a61ccfe75a443a1ab52a65af34e5dc3c78e0209fed803814484fcb\windows-amd64\native-platform-file-events.dll
0x00007ff86bd50000 - 0x00007ff86bd5a000 	C:\Program Files\Android\Android Studio\jre\bin\management.dll
0x00007ff86b700000 - 0x00007ff86b70d000 	C:\Program Files\Android\Android Studio\jre\bin\management_ext.dll
0x00007ff86fb60000 - 0x00007ff86fb78000 	C:\Windows\SYSTEM32\CRYPTSP.dll
0x00007ff86f2f0000 - 0x00007ff86f324000 	C:\Windows\system32\rsaenh.dll
0x00007ff8707d0000 - 0x00007ff8707f7000 	C:\Windows\System32\bcrypt.dll
0x00007ff870130000 - 0x00007ff87015e000 	C:\Windows\SYSTEM32\USERENV.dll
0x00007ff86fb80000 - 0x00007ff86fb8c000 	C:\Windows\SYSTEM32\CRYPTBASE.dll
0x00007ff86f660000 - 0x00007ff86f69b000 	C:\Windows\SYSTEM32\IPHLPAPI.DLL
0x00007ff8715a0000 - 0x00007ff8715a8000 	C:\Windows\System32\NSI.dll
0x00007ff86a2a0000 - 0x00007ff86a2b7000 	C:\Windows\SYSTEM32\dhcpcsvc6.DLL
0x00007ff86a260000 - 0x00007ff86a27d000 	C:\Windows\SYSTEM32\dhcpcsvc.DLL
0x00007ff86f6a0000 - 0x00007ff86f76b000 	C:\Windows\SYSTEM32\DNSAPI.dll
0x00007ff86ef80000 - 0x00007ff86efb3000 	C:\Windows\SYSTEM32\ntmarta.dll

dbghelp: loaded successfully - version: 4.0.5 - missing functions: none
symbol engine: initialized successfully - sym options: 0x614 - pdb path: .;C:\Program Files\Android\Android Studio\jre\bin;C:\Windows\SYSTEM32;C:\Windows\WinSxS\amd64_microsoft.windows.common-controls_6595b64144ccf1df_6.0.19041.1110_none_60b5254171f9507e;C:\Program Files\Android\Android Studio\jre\bin\server;C:\Users\Comp\.gradle\native\e1d6ef7f7dcc3fd88c89a11ec53ec762bb8ba0a96d01ffa2cd45eb1d1d8dd5c5\windows-amd64;C:\Users\Comp\.gradle\native\5664cfc778a61ccfe75a443a1ab52a65af34e5dc3c78e0209fed803814484fcb\windows-amd64

VM Arguments:
jvm_args: --add-opens=java.base/java.util=ALL-UNNAMED --add-opens=java.base/java.lang=ALL-UNNAMED --add-opens=java.base/java.lang.invoke=ALL-UNNAMED --add-opens=java.base/java.util=ALL-UNNAMED --add-opens=java.prefs/java.util.prefs=ALL-UNNAMED --add-opens=java.prefs/java.util.prefs=ALL-UNNAMED --add-opens=java.base/java.nio.charset=ALL-UNNAMED --add-opens=java.base/java.net=ALL-UNNAMED --add-opens=java.base/java.util.concurrent.atomic=ALL-UNNAMED -Xmx2048m -Dfile.encoding=UTF-8 -Duser.country=RU -Duser.language=ru -Duser.variant 
java_command: org.gradle.launcher.daemon.bootstrap.GradleDaemon 7.2
java_class_path (initial): C:\Users\Comp\.gradle\wrapper\dists\gradle-7.2-bin\2dnblmf4td7x66yl1d74lt32g\gradle-7.2\lib\gradle-launcher-7.2.jar
Launcher Type: SUN_STANDARD

[Global flags]
     intx CICompilerCount                          = 3                                         {product} {ergonomic}
     uint ConcGCThreads                            = 1                                         {product} {ergonomic}
     uint G1ConcRefinementThreads                  = 4                                         {product} {ergonomic}
   size_t G1HeapRegionSize                         = 1048576                                   {product} {ergonomic}
    uintx GCDrainStackTargetSize                   = 64                                        {product} {ergonomic}
   size_t InitialHeapSize                          = 67108864                                  {product} {ergonomic}
   size_t MarkStackSize                            = 4194304                                   {product} {ergonomic}
   size_t MaxHeapSize                              = 2147483648                                {product} {command line}
   size_t MaxNewSize                               = 1287651328                                {product} {ergonomic}
   size_t MinHeapDeltaBytes                        = 1048576                                   {product} {ergonomic}
    uintx NonNMethodCodeHeapSize                   = 5830732                                {pd product} {ergonomic}
    uintx NonProfiledCodeHeapSize                  = 122913754                              {pd product} {ergonomic}
    uintx ProfiledCodeHeapSize                     = 122913754                              {pd product} {ergonomic}
    uintx ReservedCodeCacheSize                    = 251658240                              {pd product} {ergonomic}
     bool SegmentedCodeCache                       = true                                      {product} {ergonomic}
     bool UseCompressedClassPointers               = true                                 {lp64_product} {ergonomic}
     bool UseCompressedOops                        = true                                 {lp64_product} {ergonomic}
     bool UseG1GC                                  = true                                      {product} {ergonomic}
     bool UseLargePagesIndividualAllocation        = false                                  {pd product} {ergonomic}

Logging:
Log output configuration:
 #0: stdout all=warning uptime,level,tags
 #1: stderr all=off uptime,level,tags

Environment Variables:
PATH=C:\Windows\system32;C:\Windows;C:\Windows\System32\Wbem;C:\Windows\System32\WindowsPowerShell\v1.0\;C:\Windows\System32\OpenSSH\;C:\Program Files\Git\cmd;C:\Users\Comp\AppData\Local\Microsoft\WindowsApps;
USERNAME=Comp
OS=Windows_NT
PROCESSOR_IDENTIFIER=Intel64 Family 6 Model 42 Stepping 7, GenuineIntel



---------------  S Y S T E M  ---------------

OS: Windows 10 , 64 bit Build 19041 (10.0.19041.1645)
OS uptime: 5 days 19:35 hours

CPU:total 4 (initial active 4) (2 cores per cpu, 2 threads per core) family 6 model 42 stepping 7 microcode 0x2f, cmov, cx8, fxsr, mmx, sse, sse2, sse3, ssse3, sse4.1, sse4.2, popcnt, avx, clmul, ht, tsc, tscinvbit

Memory: 4k page, system-wide physical 4008M (509M free)
TotalPageFile size 10278M (AvailPageFile size 5M)
current process WorkingSet (physical memory assigned to process): 501M, peak: 501M
current process commit charge ("private bytes"): 659M, peak: 663M

vm_info: OpenJDK 64-Bit Server VM (11.0.11+9-b60-7590822) for windows-amd64 JRE (11.0.11+9-b60-7590822), built on Jul 29 2021 21:43:44 by "builder" with MS VC++ 14.0 (VS2015)

END.
